Log file open, 08/27/19 12:50:46
LogWindows: Failed to load 'aqProf.dll' (GetLastError=126)
LogWindows: File 'aqProf.dll' does not exist
LogWindows: Failed to load 'VSPerf140.dll' (GetLastError=126)
LogWindows: File 'VSPerf140.dll' does not exist
LogWindows: Failed to load 'VtuneApi.dll' (GetLastError=126)
LogWindows: File 'VtuneApi.dll' does not exist
LogWindows: Failed to load 'VtuneApi32e.dll' (GetLastError=126)
LogWindows: File 'VtuneApi32e.dll' does not exist
LogInit: Display: Running engine for game: Plane_Game
LogPlatformFile: Not using cached read wrapper
LogTaskGraph: Started task graph with 5 named threads and 23 total threads with 3 sets of task threads.
LogStats: Stats thread started at 0.263838
LogD3D11RHI: Loaded GFSDK_Aftermath_Lib.x64.dll
LogICUInternationalization: Display: ICU TimeZone Detection - Raw Offset: -5:00, Platform Override: ''
LogPluginManager: Mounting plugin Paper2D
LogPluginManager: Mounting plugin AISupport
LogPluginManager: Mounting plugin LightPropagationVolume
LogPluginManager: Mounting plugin CLionSourceCodeAccess
LogPluginManager: Mounting plugin CodeLiteSourceCodeAccess
LogPluginManager: Mounting plugin GitSourceControl
LogPluginManager: Mounting plugin KDevelopSourceCodeAccess
LogPluginManager: Mounting plugin NullSourceCodeAccess
LogPluginManager: Mounting plugin PerforceSourceControl
LogPluginManager: Mounting plugin SubversionSourceControl
LogPluginManager: Mounting plugin UObjectPlugin
LogPluginManager: Mounting plugin VisualStudioCodeSourceCodeAccess
LogPluginManager: Mounting plugin VisualStudioSourceCodeAccess
LogPluginManager: Mounting plugin XCodeSourceCodeAccess
LogPluginManager: Mounting plugin AssetManagerEditor
LogPluginManager: Mounting plugin CryptoKeys
LogPluginManager: Mounting plugin DataValidation
LogPluginManager: Mounting plugin FacialAnimation
LogPluginManager: Mounting plugin GameplayTagsEditor
LogPluginManager: Mounting plugin MacGraphicsSwitching
LogPluginManager: Mounting plugin MeshEditor
LogPluginManager: Mounting plugin MobileLauncherProfileWizard
LogPluginManager: Mounting plugin PluginBrowser
LogPluginManager: Mounting plugin SpeedTreeImporter
LogPluginManager: Mounting plugin DatasmithContent
LogPluginManager: Mounting plugin AlembicImporter
LogPluginManager: Mounting plugin AppleImageUtils
LogPluginManager: Mounting plugin AppleVision
LogPluginManager: Mounting plugin BackChannel
LogPluginManager: Mounting plugin CharacterAI
LogPluginManager: Mounting plugin GeometryCache
LogPluginManager: Mounting plugin HTML5Networking
LogPluginManager: Mounting plugin ProxyLODPlugin
LogPluginManager: Mounting plugin MagicLeap
LogPluginManager: Mounting plugin MagicLeapEmulator
LogPluginManager: Mounting plugin MagicLeapMedia
LogPluginManager: Mounting plugin PathFollow
LogPluginManager: Mounting plugin AndroidMedia
LogPluginManager: Mounting plugin AvfMedia
LogPluginManager: Mounting plugin ImgMedia
LogPluginManager: Mounting plugin LinearTimecode
LogPluginManager: Mounting plugin MediaCompositing
LogPluginManager: Mounting plugin MediaPlayerEditor
LogPluginManager: Mounting plugin WmfMedia
LogPluginManager: Mounting plugin TcpMessaging
LogPluginManager: Mounting plugin UdpMessaging
LogPluginManager: Mounting plugin ActorSequence
LogPluginManager: Mounting plugin LevelSequenceEditor
LogPluginManager: Mounting plugin MatineeToLevelSequence
LogPluginManager: Mounting plugin NetcodeUnitTest
LogPluginManager: Mounting plugin NUTUnrealEngine4
LogPluginManager: Mounting plugin OnlineSubsystemGooglePlay
LogPluginManager: Mounting plugin OnlineSubsystemIOS
LogPluginManager: Mounting plugin OnlineSubsystem
LogPluginManager: Mounting plugin OnlineSubsystemNull
LogPluginManager: Mounting plugin OnlineSubsystemUtils
LogPluginManager: Mounting plugin LauncherChunkInstaller
LogPluginManager: Mounting plugin AndroidDeviceProfileSelector
LogPluginManager: Mounting plugin AndroidMoviePlayer
LogPluginManager: Mounting plugin AndroidPermission
LogPluginManager: Mounting plugin AppleMoviePlayer
LogPluginManager: Mounting plugin ArchVisCharacter
LogPluginManager: Mounting plugin AudioCapture
LogPluginManager: Mounting plugin CableComponent
LogPluginManager: Mounting plugin CustomMeshComponent
LogPluginManager: Mounting plugin EditableMesh
LogPluginManager: Mounting plugin ExampleDeviceProfileSelector
LogPluginManager: Mounting plugin GoogleCloudMessaging
LogPluginManager: Mounting plugin ImmediatePhysics
LogPluginManager: Mounting plugin IOSDeviceProfileSelector
LogPluginManager: Mounting plugin LinuxDeviceProfileSelector
LogPluginManager: Mounting plugin LocationServicesBPLibrary
LogPluginManager: Mounting plugin MobilePatchingUtils
LogPluginManager: Mounting plugin OculusVR
LogPluginManager: Plugin shader directory ../../../Engine/Plugins/Runtime/Oculus/OculusVR/Shaders found
LogPluginManager: Mapping shader source directory ../../../Engine/Plugins/Runtime/Oculus/OculusVR/Shaders to virtual directory /Plugin/OculusVR
LogPluginManager: Mounting plugin PhysXVehicles
LogPluginManager: Mounting plugin ProceduralMeshComponent
LogPluginManager: Mounting plugin RuntimePhysXCooking
LogPluginManager: Mounting plugin SteamVR
LogPluginManager: Mounting plugin WindowsMoviePlayer
LogStreaming: Display: Took  0.073s to configure plugins.
LogInit: Using libcurl 7.55.1-DEV
LogInit:  - built for x86_64-pc-win32
LogInit:  - supports SSL with OpenSSL/1.0.2h
LogInit:  - supports HTTP deflate (compression) using libz 1.2.8
LogInit:  - other features:
LogInit:      CURL_VERSION_SSL
LogInit:      CURL_VERSION_LIBZ
LogInit:      CURL_VERSION_IPV6
LogInit:      CURL_VERSION_ASYNCHDNS
LogInit:      CURL_VERSION_LARGEFILE
LogInit:      CURL_VERSION_IDN
LogInit:  CurlRequestOptions (configurable via config and command line):
LogInit:  - bVerifyPeer = false  - Libcurl will NOT verify peer certificate
LogInit:  - bUseHttpProxy = false  - Libcurl will NOT use HTTP proxy
LogInit:  - bDontReuseConnections = false  - Libcurl will reuse connections
LogInit:  - CertBundlePath = nullptr  - Libcurl will use whatever was configured at build time.
LogInit:  - MaxHostConnections = 16  - Libcurl will limit the number of connections to a host
LogInit:  - LocalHostAddr = Default
LogInit:  - BufferSize = 65536
LogInit: WinSock: version 1.1 (2.2), MaxSocks=32767, MaxUdp=65467
LogInit: Build: ++UE4+Release-4.20-CL-4369336
LogInit: Engine Version: 4.20.3-4369336+++UE4+Release-4.20
LogInit: Compatible Engine Version: 4.20.0-4212847+++UE4+Release-4.20
LogInit: Net CL: 4212847
LogInit: OS: Windows 10 (), CPU: Intel(R) Core(TM) i7-7700 CPU @ 3.60GHz, GPU: NVIDIA GeForce GTX 1060 3GB
LogInit: Compiled (64-bit): Sep 17 2018 12:26:19
LogInit: Compiled with Visual C++: 19.13.26129.00
LogInit: Build Configuration: Development
LogInit: Branch Name: ++UE4+Release-4.20
LogInit: Command Line:  
LogInit: Base Directory: D:/Program Files/Epic Games/UE_4.20/Engine/Binaries/Win64/
LogInit: Installed Engine Build: 1
LogDevObjectVersion: Number of dev versions registered: 20
LogDevObjectVersion:   Dev-Blueprints (B0D832E4-1F89-4F0D-ACCF-7EB736FD4AA2): 10
LogDevObjectVersion:   Dev-Build (E1C64328-A22C-4D53-A36C-8E866417BD8C): 0
LogDevObjectVersion:   Dev-Core (375EC13C-06E4-48FB-B500-84F0262A717E): 2
LogDevObjectVersion:   Dev-Editor (E4B068ED-F494-42E9-A231-DA0B2E46BB41): 24
LogDevObjectVersion:   Dev-Framework (CFFC743F-43B0-4480-9391-14DF171D2073): 34
LogDevObjectVersion:   Dev-Mobile (B02B49B5-BB20-44E9-A304-32B752E40360): 2
LogDevObjectVersion:   Dev-Networking (A4E4105C-59A1-49B5-A7C5-40C4547EDFEE): 0
LogDevObjectVersion:   Dev-Online (39C831C9-5AE6-47DC-9A44-9C173E1C8E7C): 0
LogDevObjectVersion:   Dev-Physics (78F01B33-EBEA-4F98-B9B4-84EACCB95AA2): 0
LogDevObjectVersion:   Dev-Platform (6631380F-2D4D-43E0-8009-CF276956A95A): 0
LogDevObjectVersion:   Dev-Rendering (12F88B9F-8875-4AFC-A67C-D90C383ABD29): 26
LogDevObjectVersion:   Dev-Sequencer (7B5AE74C-D270-4C10-A958-57980B212A5A): 9
LogDevObjectVersion:   Dev-VR (D7296918-1DD6-4BDD-9DE2-64A83CC13884): 2
LogDevObjectVersion:   Dev-LoadTimes (C2A15278-BFE7-4AFE-6C17-90FF531DF755): 1
LogDevObjectVersion:   Private-Geometry (6EACA3D4-40EC-4CC1-B786-8BED09428FC5): 3
LogDevObjectVersion:   Dev-AnimPhys (29E575DD-E0A3-4627-9D10-D276232CDCEA): 17
LogDevObjectVersion:   Dev-ReflectionCapture (6B266CEC-1EC7-4B8F-A30B-E4D90942FC07): 1
LogDevObjectVersion:   Dev-Automation (0DF73D61-A23F-47EA-B727-89E90C41499A): 1
LogDevObjectVersion:   FortniteMain (601D1886-AC64-4F84-AA16-D3DE0DEAC7D6): 12
LogDevObjectVersion:   Dev-Enterprise (9DFFBCD6-494F-0158-E221-12823C92A888): 1
LogStreaming: Display: Took  0.001s to delete old logs.
LogInit: Presizing for max 8388607 objects, including 0 objects not considered by GC, pre-allocating 0 bytes for permanent pool.
LogInit: Object subsystem initialized
[2019.08.27-16.50.47:206][  0]LogInit: Selected Device Profile: [Windows]
[2019.08.27-16.50.47:206][  0]LogInit: Applying CVar settings loaded from the selected device profile: [Windows]
[2019.08.27-16.50.47:218][  0]LogHAL: Display: Platform has ~ 16 GB [17120129024 / 17179869184 / 16], which maps to Larger [LargestMinGB=32, LargerMinGB=12, DefaultMinGB=8, SmallerMinGB=6, SmallestMinGB=0)
[2019.08.27-16.50.47:218][  0]LogInit: Setting Device Profile CVar: [[r.Vulkan.UseRealUBs:1]]
[2019.08.27-16.50.47:218][  0]LogInit: Going up to parent DeviceProfile []
[2019.08.27-16.50.47:218][  0]LogInit: Computer: DESKTOP-8HANKV7
[2019.08.27-16.50.47:218][  0]LogInit: User: Wholeheartgamer
[2019.08.27-16.50.47:218][  0]LogInit: CPU Page size=4096, Cores=4
[2019.08.27-16.50.47:218][  0]LogInit: High frequency timer resolution =10.000000 MHz
[2019.08.27-16.50.47:218][  0]LogMemory: Memory total: Physical=15.9GB (16GB approx)
[2019.08.27-16.50.47:218][  0]LogMemory: Platform Memory Stats for Windows
[2019.08.27-16.50.47:218][  0]LogMemory: Process Physical Memory: 100.40 MB used, 100.41 MB peak
[2019.08.27-16.50.47:218][  0]LogMemory: Process Virtual Memory: 91.02 MB used, 91.02 MB peak
[2019.08.27-16.50.47:219][  0]LogMemory: Physical Memory: 5027.09 MB used,  11299.94 MB free, 16327.03 MB total
[2019.08.27-16.50.47:219][  0]LogMemory: Virtual Memory: 4628.35 MB used,  11299.94 MB free, 134217728.00 MB total
[2019.08.27-16.50.47:232][  0]LogInit: Using OS detected language (en-US).
[2019.08.27-16.50.47:232][  0]LogInit: Using OS detected locale (en-US).
[2019.08.27-16.50.47:233][  0]LogTextLocalizationManager: No specific localization for 'en-US' exists, so the 'en' localization will be used.
[2019.08.27-16.50.47:581][  0]LogStreaming: Display: Took  0.349s to InitEngineTextLocalization.
[2019.08.27-16.50.47:581][  0]LogInit: Setting process to per monitor DPI aware
[2019.08.27-16.50.47:601][  0]LogSlate: New Slate User Created.  User Index 0, Is Virtual User: 0
[2019.08.27-16.50.47:601][  0]LogSlate: Slate User Registered.  User Index 0, Is Virtual User: 0
[2019.08.27-16.50.47:753][  0]LogHMD: Failed to initialize OpenVR with code 110
[2019.08.27-16.50.47:753][  0]LogD3D11RHI: D3D11 adapters:
[2019.08.27-16.50.47:807][  0]LogD3D11RHI:    0. 'NVIDIA GeForce GTX 1060 3GB' (Feature Level 11_0)
[2019.08.27-16.50.47:807][  0]LogD3D11RHI:       2997/0/8163 MB DedicatedVideo/DedicatedSystem/SharedSystem, Outputs:1, VendorId:0x10de
[2019.08.27-16.50.47:809][  0]LogD3D11RHI:    1. 'Microsoft Basic Render Driver' (Feature Level 11_0)
[2019.08.27-16.50.47:809][  0]LogD3D11RHI:       0/0/8163 MB DedicatedVideo/DedicatedSystem/SharedSystem, Outputs:0, VendorId:0x1414
[2019.08.27-16.50.47:809][  0]LogD3D11RHI: Chosen D3D11 Adapter: 0
[2019.08.27-16.50.47:814][  0]LogD3D11RHI: Creating new Direct3DDevice
[2019.08.27-16.50.47:815][  0]LogD3D11RHI:     GPU DeviceId: 0x1c02 (for the marketing name, search the web for "GPU Device Id")
[2019.08.27-16.50.47:815][  0]LogWindows: EnumDisplayDevices:
[2019.08.27-16.50.47:815][  0]LogWindows:    0. 'NVIDIA GeForce GTX 1060 3GB' (P:1 D:1)
[2019.08.27-16.50.47:815][  0]LogWindows:    1. 'NVIDIA GeForce GTX 1060 3GB' (P:0 D:0)
[2019.08.27-16.50.47:815][  0]LogWindows:    2. 'NVIDIA GeForce GTX 1060 3GB' (P:0 D:0)
[2019.08.27-16.50.47:815][  0]LogWindows:    3. 'NVIDIA GeForce GTX 1060 3GB' (P:0 D:0)
[2019.08.27-16.50.47:815][  0]LogWindows: DebugString: FoundDriverCount:4 
[2019.08.27-16.50.47:815][  0]LogD3D11RHI:     Adapter Name: NVIDIA GeForce GTX 1060 3GB
[2019.08.27-16.50.47:815][  0]LogD3D11RHI:   Driver Version: 388.13 (internal:23.21.13.8813, unified:388.13)
[2019.08.27-16.50.47:815][  0]LogD3D11RHI:      Driver Date: 10-27-2017
[2019.08.27-16.50.47:816][  0]LogRHI: Texture pool is 2097 MB (70% of 2997 MB)
[2019.08.27-16.50.47:840][  0]LogD3D11RHI: Async texture creation enabled
[2019.08.27-16.50.47:852][  0]LogD3D11RHI: GPU Timing Frequency: 1000.000000 (Debug: 2 1)
[2019.08.27-16.50.47:854][  0]LogShaderCompilers: Guid format shader working directory is -5 characters bigger than the processId version (C:/Users/Wholeheartgamer/Documents/Unreal Projects/Plane_Game/Intermediate/Shaders/WorkingDirectory/7736/).
[2019.08.27-16.50.47:854][  0]LogShaderCompilers: Cleaned the shader compiler working directory 'C:/Users/Wholeheartgamer/AppData/Local/Temp/UnrealShaderWorkingDir/7C803EE444C6D96D9725C99222DE62B6/'.
[2019.08.27-16.50.48:447][  0]LogTemp: Display: Loaded TP AllDesktopTargetPlatform
[2019.08.27-16.50.48:458][  0]LogTemp: Display: Loaded TP MacClientTargetPlatform
[2019.08.27-16.50.48:470][  0]LogTemp: Display: Loaded TP MacNoEditorTargetPlatform
[2019.08.27-16.50.48:480][  0]LogTemp: Display: Loaded TP MacServerTargetPlatform
[2019.08.27-16.50.48:490][  0]LogTemp: Display: Loaded TP MacTargetPlatform
[2019.08.27-16.50.48:501][  0]LogTemp: Display: Loaded TP WindowsClientTargetPlatform
[2019.08.27-16.50.48:511][  0]LogTemp: Display: Loaded TP WindowsNoEditorTargetPlatform
[2019.08.27-16.50.48:522][  0]LogTemp: Display: Loaded TP WindowsServerTargetPlatform
[2019.08.27-16.50.48:526][  0]LogTemp: Display: Loaded TP WindowsTargetPlatform
[2019.08.27-16.50.48:598][  0]LogTemp: Display: Loaded TP AndroidTargetPlatform
[2019.08.27-16.50.48:598][  0]LogTemp: Display: Loaded TP AndroidTargetPlatform
[2019.08.27-16.50.48:598][  0]LogTemp: Display: Loaded TP AndroidTargetPlatform
[2019.08.27-16.50.48:598][  0]LogTemp: Display: Loaded TP AndroidTargetPlatform
[2019.08.27-16.50.48:598][  0]LogTemp: Display: Loaded TP AndroidTargetPlatform
[2019.08.27-16.50.48:598][  0]LogTemp: Display: Loaded TP AndroidTargetPlatform
[2019.08.27-16.50.48:598][  0]LogTemp: Display: Loaded TP AndroidTargetPlatform
[2019.08.27-16.50.48:598][  0]LogTemp: Display: Loaded TP AndroidTargetPlatform
[2019.08.27-16.50.48:598][  0]LogTemp: Display: Loaded TP AndroidTargetPlatform
[2019.08.27-16.50.48:598][  0]LogTemp: Display: Loaded TP AndroidTargetPlatform
[2019.08.27-16.50.48:598][  0]LogTemp: Display: Loaded TP AndroidTargetPlatform
[2019.08.27-16.50.48:598][  0]LogTemp: Display: Loaded TP AndroidTargetPlatform
[2019.08.27-16.50.48:598][  0]LogTemp: Display: Loaded TP AndroidTargetPlatform
[2019.08.27-16.50.48:598][  0]LogTemp: Display: Loaded TP AndroidTargetPlatform
[2019.08.27-16.50.48:598][  0]LogTemp: Display: Loaded TP AndroidTargetPlatform
[2019.08.27-16.50.48:598][  0]LogTemp: Display: Loaded TP AndroidTargetPlatform
[2019.08.27-16.50.48:598][  0]LogTemp: Display: Loaded TP AndroidTargetPlatform
[2019.08.27-16.50.48:598][  0]LogTemp: Display: Loaded TP AndroidTargetPlatform
[2019.08.27-16.50.48:599][  0]LogTemp: Display: Loaded TP HTML5TargetPlatform
[2019.08.27-16.50.48:655][  0]LogTemp: Display: Loaded TP IOSTargetPlatform
[2019.08.27-16.50.48:655][  0]LogTemp: Display: Loaded TP IOSTargetPlatform
[2019.08.27-16.50.48:676][  0]LogTemp: Display: Loaded TP TVOSTargetPlatform
[2019.08.27-16.50.48:676][  0]LogTemp: Display: Loaded TP TVOSTargetPlatform
[2019.08.27-16.50.48:687][  0]LogTemp: Display: Loaded TP LinuxClientTargetPlatform
[2019.08.27-16.50.48:699][  0]LogTemp: Display: Loaded TP LinuxNoEditorTargetPlatform
[2019.08.27-16.50.48:710][  0]LogTemp: Display: Loaded TP LinuxServerTargetPlatform
[2019.08.27-16.50.48:720][  0]LogTemp: Display: Loaded TP LinuxTargetPlatform
[2019.08.27-16.50.48:728][  0]LogTemp: Display: Loaded TP LuminTargetPlatform
[2019.08.27-16.50.48:728][  0]LogTargetPlatformManager: Display: Building Assets For Windows
[2019.08.27-16.50.48:765][  0]LogXGEController: Cleaning working directory: C:/Users/Wholeheartgamer/AppData/Local/Temp/UnrealXGEWorkingDir/
[2019.08.27-16.50.48:765][  0]LogXGEController: Cannot use XGE Controller as Incredibuild is not installed on this machine.
[2019.08.27-16.50.48:765][  0]LogShaderCompilers: Cannot use XGE Shader Compiler as Incredibuild is not installed on this machine.
[2019.08.27-16.50.48:765][  0]LogShaderCompilers: Display: Using Local Shader Compiler.
[2019.08.27-16.50.49:407][  0]LogDerivedDataCache: Display: Max Cache Size: 512 MB
[2019.08.27-16.50.49:476][  0]LogDerivedDataCache: Loaded boot cache 0.07s 71MB C:/Users/Wholeheartgamer/AppData/Local/UnrealEngine/4.20/DerivedDataCache/Boot.ddc.
[2019.08.27-16.50.49:477][  0]LogDerivedDataCache: Display: Loaded Boot cache: C:/Users/Wholeheartgamer/AppData/Local/UnrealEngine/4.20/DerivedDataCache/Boot.ddc
[2019.08.27-16.50.49:477][  0]LogDerivedDataCache: FDerivedDataBackendGraph:  Pak pak cache file C:/Users/Wholeheartgamer/Documents/Unreal Projects/Plane_Game/DerivedDataCache/DDC.ddp not found, will not use a pak cache.
[2019.08.27-16.50.49:477][  0]LogDerivedDataCache: Unable to find inner node Pak for hierarchical cache Hierarchy.
[2019.08.27-16.50.49:477][  0]LogDerivedDataCache: FDerivedDataBackendGraph:  CompressedPak pak cache file C:/Users/Wholeheartgamer/Documents/Unreal Projects/Plane_Game/DerivedDataCache/Compressed.ddp not found, will not use a pak cache.
[2019.08.27-16.50.49:477][  0]LogDerivedDataCache: Unable to find inner node CompressedPak for hierarchical cache Hierarchy.
[2019.08.27-16.50.49:491][  0]LogDerivedDataCache: Display: Pak cache opened for reading ../../../Engine/DerivedDataCache/Compressed.ddp.
[2019.08.27-16.50.49:503][  0]LogDerivedDataCache: Using Local data cache path C:/Users/Wholeheartgamer/AppData/Local/UnrealEngine/Common/DerivedDataCache: Writable
[2019.08.27-16.50.49:503][  0]LogDerivedDataCache: Shared data cache path not found in *engine.ini, will not use an Shared cache.
[2019.08.27-16.50.49:503][  0]LogDerivedDataCache: Unable to find inner node Shared for hierarchical cache Hierarchy.
[2019.08.27-16.50.49:517][  0]LogMaterial: Verifying Global Shaders for PCD3D_SM5
[2019.08.27-16.50.49:518][  0]LogSlate: Using FreeType 2.6.0
[2019.08.27-16.50.49:518][  0]LogSlate: SlateFontServices - WITH_FREETYPE: 1, WITH_HARFBUZZ: 1
[2019.08.27-16.50.49:581][  0]LogAssetRegistry: FAssetRegistry took 0.0254 seconds to start up
[2019.08.27-16.50.49:840][  0]LogInit: Selected Device Profile: [Windows]
[2019.08.27-16.50.49:944][  0]LogSimplygon: Simplygon DLL not present - disabling.
[2019.08.27-16.50.49:945][  0]LogMeshReduction: Using SimplygonSwarm for distributed automatic mesh merging
[2019.08.27-16.50.49:945][  0]LogMeshReduction: Using ProxyLODMeshReduction for automatic mesh merging
[2019.08.27-16.50.49:945][  0]LogMeshReduction: Using QuadricMeshReduction for automatic static mesh reduction
[2019.08.27-16.50.49:945][  0]LogMeshReduction: No automatic skeletal mesh reduction module available
[2019.08.27-16.50.49:959][  0]LogNetVersion: Plane_Game 1.0.0, NetCL: 4212847, EngineNetVer: 5, GameNetVer: 0 (Checksum: 1315238577)
[2019.08.27-16.50.50:424][  0]LogPackageLocalizationCache: Processed 12 localized package path(s) for 2 prioritized culture(s) in 0.099798 seconds
[2019.08.27-16.50.50:431][  0]LogUObjectArray: 38425 objects as part of root set at end of initial load.
[2019.08.27-16.50.50:431][  0]LogUObjectAllocator: 6690864 out of 0 bytes used by permanent object pool.
[2019.08.27-16.50.50:431][  0]LogUObjectArray: CloseDisregardForGC: 0/0 objects in disregard for GC pool
[2019.08.27-16.50.51:101][  0]LogTcpMessaging: Initializing TcpMessaging bridge
[2019.08.27-16.50.51:114][  0]LogUdpMessaging: Initializing bridge on interface 0.0.0.0:0 to multicast group 230.0.0.1:6666.
[2019.08.27-16.50.51:240][  0]SourceControl: Source control is disabled
[2019.08.27-16.50.51:240][  0]SourceControl: Source control is disabled
[2019.08.27-16.50.51:241][  0]SourceControl: Source control is disabled
[2019.08.27-16.50.51:241][  0]SourceControl: Source control is disabled
[2019.08.27-16.50.51:413][  0]LogAndroidPermission: UAndroidPermissionCallbackProxy::GetInstance
[2019.08.27-16.50.51:586][  0]LogOcInput: OculusInput pre-init called
[2019.08.27-16.50.51:641][  0]LogEngine: Initializing Engine...
[2019.08.27-16.50.51:642][  0]LogHMD: Failed to initialize OpenVR with code 110
[2019.08.27-16.50.51:643][  0]LogStats: UGameplayTagsManager::ConstructGameplayTagTree: ImportINI prefixes -  0.000 s
[2019.08.27-16.50.51:643][  0]LogStats: UGameplayTagsManager::ConstructGameplayTagTree: Construct from data asset -  0.000 s
[2019.08.27-16.50.51:643][  0]LogStats: UGameplayTagsManager::ConstructGameplayTagTree: ImportINI -  0.000 s
[2019.08.27-16.50.51:643][  0]LogStats: UGameplayTagsManager::ConstructGameplayTagTree: GameplayTagTreeChangedEvent.Broadcast -  0.000 s
[2019.08.27-16.50.51:819][  0]LogInit: Initializing FReadOnlyCVARCache
[2019.08.27-16.50.51:827][  0]LogAIModule: Creating AISystem for world Untitled
[2019.08.27-16.50.51:875][  0]LogInit: XAudio2 using 'Speakers (Realtek High Definition Audio)' : 6 channels at 48 kHz using 32 bits per sample (channel mask 0x3f)
[2019.08.27-16.50.51:893][  0]LogInit: FAudioDevice initialized.
[2019.08.27-16.50.51:893][  0]LogNetVersion: Set ProjectVersion to 1.0.0.0. Version Checksum will be recalculated on next use.
[2019.08.27-16.50.52:046][  0]LogDerivedDataCache: Saved boot cache 0.15s 71MB C:/Users/Wholeheartgamer/AppData/Local/UnrealEngine/4.20/DerivedDataCache/Boot.ddc.
[2019.08.27-16.50.52:057][  0]LogInit: Texture streaming: Enabled
[2019.08.27-16.50.52:067][  0]LogEngineSessionManager: EngineSessionManager initialized
[2019.08.27-16.50.52:075][  0]LogInit: Transaction tracking system initialized
[2019.08.27-16.50.52:087][  0]BlueprintLog: New page: Editor Load
[2019.08.27-16.50.52:132][  0]LocalizationService: Localization service is disabled
[2019.08.27-16.50.52:325][  0]LogCook: Display: Max memory allowance for cook 16384mb min free memory 0mb
[2019.08.27-16.50.52:325][  0]LogCook: Display: Mobile HDR setting 1
[2019.08.27-16.50.52:325][  0]LogGameplayTags: Display: UGameplayTagsManager::DoneAddingNativeTags. DelegateIsBound: 0
[2019.08.27-16.50.52:325][  0]LogStats: UGameplayTagsManager::ConstructGameplayTagTree: ImportINI prefixes -  0.000 s
[2019.08.27-16.50.52:325][  0]LogStats: UGameplayTagsManager::ConstructGameplayTagTree: Construct from data asset -  0.000 s
[2019.08.27-16.50.52:325][  0]LogStats: UGameplayTagsManager::ConstructGameplayTagTree: ImportINI -  0.000 s
[2019.08.27-16.50.52:325][  0]LogStats: UGameplayTagsManager::ConstructGameplayTagTree: GameplayTagTreeChangedEvent.Broadcast -  0.000 s
[2019.08.27-16.50.52:411][  0]LogFileCache: Scanning file cache for directory 'C:/Users/Wholeheartgamer/Documents/Unreal Projects/Plane_Game/Content/' took 0.01s
[2019.08.27-16.50.52:411][  0]SourceControl: Source control is disabled
[2019.08.27-16.50.52:411][  0]Cmd: MAP LOAD FILE="C:/Users/Wholeheartgamer/Documents/Unreal Projects/Plane_Game/Content/StarterContent/Maps/Minimal_Default.umap" TEMPLATE=0 SHOWPROGRESS=1 FEATURELEVEL=3
[2019.08.27-16.50.52:411][  0]LogEditorServer: Warning: Can't find file 'C:/Users/Wholeheartgamer/Documents/Unreal Projects/Plane_Game/Content/StarterContent/Maps/Minimal_Default.umap'
[2019.08.27-16.50.52:411][  0]Cmd: MAP CHECKDEP NOCLEARLOG
[2019.08.27-16.50.52:444][  0]MapCheck: Map check complete: 0 Error(s), 0 Warning(s), took 32.803ms to complete.
[2019.08.27-16.50.52:444][  0]LogFileHelpers: Loading map 'Minimal_Default' took 0.033
[2019.08.27-16.50.52:527][  0]LogSlate: Updating window title bar state: overlay mode, drag disabled, window buttons hidden, title bar hidden
[2019.08.27-16.50.52:533][  0]LogSlate: Updating window title bar state: overlay mode, drag disabled, window buttons hidden, title bar hidden
[2019.08.27-16.50.52:540][  0]LogSlate: Updating window title bar state: overlay mode, drag disabled, window buttons hidden, title bar hidden
[2019.08.27-16.50.52:547][  0]LogSlate: Updating window title bar state: overlay mode, drag disabled, window buttons hidden, title bar hidden
[2019.08.27-16.50.52:551][  0]LogCollectionManager: Loaded 0 collections in 0.000855 seconds
[2019.08.27-16.50.52:590][  0]LogFileCache: Scanning file cache for directory 'C:/Users/Wholeheartgamer/Documents/Unreal Projects/Plane_Game/Saved/Collections/' took 0.01s
[2019.08.27-16.50.52:590][  0]LogFileCache: Scanning file cache for directory 'C:/Users/Wholeheartgamer/Documents/Unreal Projects/Plane_Game/Content/Developers/Wholeheartgamer/Collections/' took 0.01s
[2019.08.27-16.50.52:590][  0]LogFileCache: Scanning file cache for directory 'C:/Users/Wholeheartgamer/Documents/Unreal Projects/Plane_Game/Content/Collections/' took 0.01s
[2019.08.27-16.50.52:590][  0]LogCollectionManager: Rebuilt the GUID cache for 0 collections in 0.000001 seconds
[2019.08.27-16.50.52:598][  0]LogContentBrowser: Native class hierarchy populated in 0.0078 seconds. Added 2576 classes and 607 folders.
[2019.08.27-16.50.52:602][  0]LogContentBrowser: Native class hierarchy updated for 'WidgetCarousel' in 0.0002 seconds. Added 0 classes and 0 folders.
[2019.08.27-16.50.52:630][  0]LogContentBrowser: Native class hierarchy updated for 'AddContentDialog' in 0.0002 seconds. Added 0 classes and 0 folders.
[2019.08.27-16.50.52:633][  0]LogContentBrowser: Native class hierarchy updated for 'SceneOutliner' in 0.0002 seconds. Added 1 classes and 2 folders.
[2019.08.27-16.50.52:651][  0]LogDirectoryWatcher: Warning: Failed to begin reading directory changes for C:/Users/Wholeheartgamer/Documents/Unreal Projects/Plane_Game/Plugins/. Error: The system cannot find the file specified. (0x00000002)
[2019.08.27-16.50.52:659][  0]LogSlate: Took 0.000146 seconds to synchronously load lazily loaded font '../../../Engine/Content/Slate/Fonts/Roboto-Regular.ttf' (155K)
[2019.08.27-16.50.52:661][  0]LogSlate: Took 0.000118 seconds to synchronously load lazily loaded font '../../../Engine/Content/Slate/Fonts/Roboto-Bold.ttf' (160K)
[2019.08.27-16.50.52:665][  0]LogSlate: Took 0.000122 seconds to synchronously load lazily loaded font '../../../Engine/Content/Editor/Slate/Fonts/FontAwesome.ttf' (139K)
[2019.08.27-16.50.52:727][  0]LogRenderer: Reallocating scene render targets to support 1208x576 Format 10 NumSamples 1 (Frame:1).
[2019.08.27-16.50.52:870][  0]LogContentBrowser: Native class hierarchy updated for 'HierarchicalLODOutliner' in 0.0002 seconds. Added 0 classes and 0 folders.
[2019.08.27-16.50.52:870][  0]LogLoad: (Engine Initialization) Total time: 6.88 seconds
[2019.08.27-16.50.52:870][  0]LogLoad: (Engine Initialization) Total Blueprint compile time: 0.00 seconds
[2019.08.27-16.50.52:899][  0]LogAssetRegistry: Asset discovery search completed in 3.3394 seconds
[2019.08.27-16.50.52:900][  0]LogCollectionManager: Rebuilt the object cache for 0 collections in 0.000000 seconds (found 0 objects)
[2019.08.27-16.50.52:900][  0]LogCollectionManager: Fixed up redirectors for 0 collections in 0.000041 seconds (updated 0 objects)
[2019.08.27-16.50.52:902][  0]LogContentStreaming: Texture pool size now 1000 MB
[2019.08.27-16.50.52:920][  0]LogSlate: Took 0.000166 seconds to synchronously load lazily loaded font '../../../Engine/Content/Slate/Fonts/Roboto-Light.ttf' (167K)
[2019.08.27-16.50.53:892][112]LogSlate: Took 0.000168 seconds to synchronously load lazily loaded font '../../../Engine/Content/Slate/Fonts/Roboto-Light.ttf' (167K)
[2019.08.27-16.50.55:715][331]LogSlate: FSceneViewport::OnFocusLost() reason 2
[2019.08.27-16.50.56:212][378]LogSlate: Window 'Plugins' being destroyed
[2019.08.27-16.50.56:227][378]LogSlate: Window 'Plugins' being destroyed
[2019.08.27-16.50.56:278][378]LogDirectoryWatcher: A directory notification for '../../../Engine/Plugins/' was aborted.
[2019.08.27-16.50.57:985][564]LogSlate: FSceneViewport::OnFocusLost() reason 0
[2019.08.27-16.50.59:236][664]LogAIModule: Creating AISystem for world Airport
[2019.08.27-16.50.59:245][664]LogAssetEditorManager: Opening Asset editor for World /Game/Maps/Airport.Airport
[2019.08.27-16.50.59:266][664]Cmd: MAP LOAD FILE="C:/Users/Wholeheartgamer/Documents/Unreal Projects/Plane_Game/Content/Maps/Airport.umap" TEMPLATE=0 SHOWPROGRESS=1 FEATURELEVEL=3
[2019.08.27-16.50.59:266][664]LightingResults: New page: Lighting Build
[2019.08.27-16.50.59:267][664]LogContentBrowser: Native class hierarchy updated for 'StatsViewer' in 0.0002 seconds. Added 5 classes and 0 folders.
[2019.08.27-16.50.59:268][664]LoadErrors: New page: Loading map: Airport.umap
[2019.08.27-16.50.59:268][664]MapCheck: New page: Map Check
[2019.08.27-16.50.59:268][664]LightingResults: New page: Lighting Build
[2019.08.27-16.50.59:287][664]LogEditorServer: Finished looking for orphan Actors (0.000 secs)
[2019.08.27-16.50.59:322][664]Cmd: MAP CHECKDEP NOCLEARLOG
[2019.08.27-16.50.59:357][664]MapCheck: Map check complete: 0 Error(s), 0 Warning(s), took 35.57ms to complete.
[2019.08.27-16.50.59:357][664]LogFileHelpers: Loading map 'Airport' took 0.093
[2019.08.27-16.51.27:809][ 42]LogSlate: FSceneViewport::OnFocusLost() reason 0
[2019.08.27-16.54.47:697][641]LogAudio: Warning: Current Audio Device with ID {0.0.0.00000000}.{5ac1a980-014b-4610-aed9-db0aaa2a7aae} was removed. Shutting down audio device.
[2019.08.27-16.54.47:697][641]LogInit: XAudio2 using 'Realtek Digital Output (Realtek High Definition Audio)' : 2 channels at 48 kHz using 16 bits per sample (channel mask 0x3)
[2019.08.27-16.54.54:062][660]LogInit: XAudio2 using 'Speakers (Realtek High Definition Audio)' : 6 channels at 48 kHz using 32 bits per sample (channel mask 0x3f)
[2019.08.27-19.43.16:136][752]LogAudio: Warning: Current Audio Device with ID {0.0.0.00000000}.{5ac1a980-014b-4610-aed9-db0aaa2a7aae} was removed. Shutting down audio device.
[2019.08.27-19.43.16:136][752]LogInit: XAudio2 using 'Realtek Digital Output (Realtek High Definition Audio)' : 2 channels at 48 kHz using 16 bits per sample (channel mask 0x3)
[2019.08.27-19.43.19:808][763]LogInit: XAudio2 using 'Speakers (Realtek High Definition Audio)' : 6 channels at 48 kHz using 32 bits per sample (channel mask 0x3f)
[2019.08.27-22.54.38:905][982]LogAudio: Warning: Current Audio Device with ID {0.0.0.00000000}.{5ac1a980-014b-4610-aed9-db0aaa2a7aae} was removed. Shutting down audio device.
[2019.08.27-22.54.38:905][982]LogInit: XAudio2 using 'Realtek Digital Output (Realtek High Definition Audio)' : 2 channels at 48 kHz using 16 bits per sample (channel mask 0x3)
[2019.08.27-22.54.46:331][  4]LogInit: XAudio2 using 'Speakers (Realtek High Definition Audio)' : 6 channels at 48 kHz using 32 bits per sample (channel mask 0x3f)
[2019.08.28-00.38.54:597][639]LogAudio: Warning: Current Audio Device with ID {0.0.0.00000000}.{5ac1a980-014b-4610-aed9-db0aaa2a7aae} was removed. Shutting down audio device.
[2019.08.28-00.38.54:597][639]LogInit: XAudio2 using 'Realtek Digital Output (Realtek High Definition Audio)' : 2 channels at 48 kHz using 16 bits per sample (channel mask 0x3)
[2019.08.28-00.39.20:125][715]LogInit: XAudio2 using 'Speakers (Realtek High Definition Audio)' : 6 channels at 48 kHz using 32 bits per sample (channel mask 0x3f)
