Log file open, 08/26/19 10:21:52
LogWindows: Failed to load 'aqProf.dll' (GetLastError=126)
LogWindows: File 'aqProf.dll' does not exist
LogWindows: Failed to load 'VSPerf140.dll' (GetLastError=126)
LogWindows: File 'VSPerf140.dll' does not exist
LogWindows: Failed to load 'VtuneApi.dll' (GetLastError=126)
LogWindows: File 'VtuneApi.dll' does not exist
LogWindows: Failed to load 'VtuneApi32e.dll' (GetLastError=126)
LogWindows: File 'VtuneApi32e.dll' does not exist
LogInit: Display: Running engine for game: Plane_Game
LogPlatformFile: Not using cached read wrapper
LogTaskGraph: Started task graph with 5 named threads and 23 total threads with 3 sets of task threads.
LogStats: Stats thread started at 0.263267
LogD3D11RHI: Loaded GFSDK_Aftermath_Lib.x64.dll
LogICUInternationalization: Display: ICU TimeZone Detection - Raw Offset: -5:00, Platform Override: ''
LogPluginManager: Mounting plugin Paper2D
LogPluginManager: Mounting plugin AISupport
LogPluginManager: Mounting plugin LightPropagationVolume
LogPluginManager: Mounting plugin CLionSourceCodeAccess
LogPluginManager: Mounting plugin CodeLiteSourceCodeAccess
LogPluginManager: Mounting plugin GitSourceControl
LogPluginManager: Mounting plugin KDevelopSourceCodeAccess
LogPluginManager: Mounting plugin NullSourceCodeAccess
LogPluginManager: Mounting plugin PerforceSourceControl
LogPluginManager: Mounting plugin SubversionSourceControl
LogPluginManager: Mounting plugin UObjectPlugin
LogPluginManager: Mounting plugin VisualStudioCodeSourceCodeAccess
LogPluginManager: Mounting plugin VisualStudioSourceCodeAccess
LogPluginManager: Mounting plugin XCodeSourceCodeAccess
LogPluginManager: Mounting plugin AssetManagerEditor
LogPluginManager: Mounting plugin CryptoKeys
LogPluginManager: Mounting plugin DataValidation
LogPluginManager: Mounting plugin FacialAnimation
LogPluginManager: Mounting plugin GameplayTagsEditor
LogPluginManager: Mounting plugin MacGraphicsSwitching
LogPluginManager: Mounting plugin MeshEditor
LogPluginManager: Mounting plugin MobileLauncherProfileWizard
LogPluginManager: Mounting plugin PluginBrowser
LogPluginManager: Mounting plugin SpeedTreeImporter
LogPluginManager: Mounting plugin DatasmithContent
LogPluginManager: Mounting plugin AlembicImporter
LogPluginManager: Mounting plugin AppleImageUtils
LogPluginManager: Mounting plugin AppleVision
LogPluginManager: Mounting plugin BackChannel
LogPluginManager: Mounting plugin CharacterAI
LogPluginManager: Mounting plugin GeometryCache
LogPluginManager: Mounting plugin HTML5Networking
LogPluginManager: Mounting plugin ProxyLODPlugin
LogPluginManager: Mounting plugin MagicLeap
LogPluginManager: Mounting plugin MagicLeapEmulator
LogPluginManager: Mounting plugin MagicLeapMedia
LogPluginManager: Mounting plugin AndroidMedia
LogPluginManager: Mounting plugin AvfMedia
LogPluginManager: Mounting plugin ImgMedia
LogPluginManager: Mounting plugin LinearTimecode
LogPluginManager: Mounting plugin MediaCompositing
LogPluginManager: Mounting plugin MediaPlayerEditor
LogPluginManager: Mounting plugin WmfMedia
LogPluginManager: Mounting plugin TcpMessaging
LogPluginManager: Mounting plugin UdpMessaging
LogPluginManager: Mounting plugin ActorSequence
LogPluginManager: Mounting plugin LevelSequenceEditor
LogPluginManager: Mounting plugin MatineeToLevelSequence
LogPluginManager: Mounting plugin NetcodeUnitTest
LogPluginManager: Mounting plugin NUTUnrealEngine4
LogPluginManager: Mounting plugin OnlineSubsystemGooglePlay
LogPluginManager: Mounting plugin OnlineSubsystemIOS
LogPluginManager: Mounting plugin OnlineSubsystem
LogPluginManager: Mounting plugin OnlineSubsystemNull
LogPluginManager: Mounting plugin OnlineSubsystemUtils
LogPluginManager: Mounting plugin LauncherChunkInstaller
LogPluginManager: Mounting plugin AndroidDeviceProfileSelector
LogPluginManager: Mounting plugin AndroidMoviePlayer
LogPluginManager: Mounting plugin AndroidPermission
LogPluginManager: Mounting plugin AppleMoviePlayer
LogPluginManager: Mounting plugin ArchVisCharacter
LogPluginManager: Mounting plugin AudioCapture
LogPluginManager: Mounting plugin CableComponent
LogPluginManager: Mounting plugin CustomMeshComponent
LogPluginManager: Mounting plugin EditableMesh
LogPluginManager: Mounting plugin ExampleDeviceProfileSelector
LogPluginManager: Mounting plugin GoogleCloudMessaging
LogPluginManager: Mounting plugin ImmediatePhysics
LogPluginManager: Mounting plugin IOSDeviceProfileSelector
LogPluginManager: Mounting plugin LinuxDeviceProfileSelector
LogPluginManager: Mounting plugin LocationServicesBPLibrary
LogPluginManager: Mounting plugin MobilePatchingUtils
LogPluginManager: Mounting plugin OculusVR
LogPluginManager: Plugin shader directory ../../../Engine/Plugins/Runtime/Oculus/OculusVR/Shaders found
LogPluginManager: Mapping shader source directory ../../../Engine/Plugins/Runtime/Oculus/OculusVR/Shaders to virtual directory /Plugin/OculusVR
LogPluginManager: Mounting plugin PhysXVehicles
LogPluginManager: Mounting plugin ProceduralMeshComponent
LogPluginManager: Mounting plugin RuntimePhysXCooking
LogPluginManager: Mounting plugin SteamVR
LogPluginManager: Mounting plugin WindowsMoviePlayer
LogStreaming: Display: Took  0.101s to configure plugins.
LogInit: Using libcurl 7.55.1-DEV
LogInit:  - built for x86_64-pc-win32
LogInit:  - supports SSL with OpenSSL/1.0.2h
LogInit:  - supports HTTP deflate (compression) using libz 1.2.8
LogInit:  - other features:
LogInit:      CURL_VERSION_SSL
LogInit:      CURL_VERSION_LIBZ
LogInit:      CURL_VERSION_IPV6
LogInit:      CURL_VERSION_ASYNCHDNS
LogInit:      CURL_VERSION_LARGEFILE
LogInit:      CURL_VERSION_IDN
LogInit:  CurlRequestOptions (configurable via config and command line):
LogInit:  - bVerifyPeer = false  - Libcurl will NOT verify peer certificate
LogInit:  - bUseHttpProxy = false  - Libcurl will NOT use HTTP proxy
LogInit:  - bDontReuseConnections = false  - Libcurl will reuse connections
LogInit:  - CertBundlePath = nullptr  - Libcurl will use whatever was configured at build time.
LogInit:  - MaxHostConnections = 16  - Libcurl will limit the number of connections to a host
LogInit:  - LocalHostAddr = Default
LogInit:  - BufferSize = 65536
LogInit: WinSock: version 1.1 (2.2), MaxSocks=32767, MaxUdp=65467
LogInit: Build: ++UE4+Release-4.20-CL-4369336
LogInit: Engine Version: 4.20.3-4369336+++UE4+Release-4.20
LogInit: Compatible Engine Version: 4.20.0-4212847+++UE4+Release-4.20
LogInit: Net CL: 4212847
LogInit: OS: Windows 10 (), CPU: Intel(R) Core(TM) i7-7700 CPU @ 3.60GHz, GPU: NVIDIA GeForce GTX 1060 3GB
LogInit: Compiled (64-bit): Sep 17 2018 12:26:19
LogInit: Compiled with Visual C++: 19.13.26129.00
LogInit: Build Configuration: Development
LogInit: Branch Name: ++UE4+Release-4.20
LogInit: Command Line: 
LogInit: Base Directory: D:/Program Files/Epic Games/UE_4.20/Engine/Binaries/Win64/
LogInit: Installed Engine Build: 1
LogDevObjectVersion: Number of dev versions registered: 20
LogDevObjectVersion:   Dev-Blueprints (B0D832E4-1F89-4F0D-ACCF-7EB736FD4AA2): 10
LogDevObjectVersion:   Dev-Build (E1C64328-A22C-4D53-A36C-8E866417BD8C): 0
LogDevObjectVersion:   Dev-Core (375EC13C-06E4-48FB-B500-84F0262A717E): 2
LogDevObjectVersion:   Dev-Editor (E4B068ED-F494-42E9-A231-DA0B2E46BB41): 24
LogDevObjectVersion:   Dev-Framework (CFFC743F-43B0-4480-9391-14DF171D2073): 34
LogDevObjectVersion:   Dev-Mobile (B02B49B5-BB20-44E9-A304-32B752E40360): 2
LogDevObjectVersion:   Dev-Networking (A4E4105C-59A1-49B5-A7C5-40C4547EDFEE): 0
LogDevObjectVersion:   Dev-Online (39C831C9-5AE6-47DC-9A44-9C173E1C8E7C): 0
LogDevObjectVersion:   Dev-Physics (78F01B33-EBEA-4F98-B9B4-84EACCB95AA2): 0
LogDevObjectVersion:   Dev-Platform (6631380F-2D4D-43E0-8009-CF276956A95A): 0
LogDevObjectVersion:   Dev-Rendering (12F88B9F-8875-4AFC-A67C-D90C383ABD29): 26
LogDevObjectVersion:   Dev-Sequencer (7B5AE74C-D270-4C10-A958-57980B212A5A): 9
LogDevObjectVersion:   Dev-VR (D7296918-1DD6-4BDD-9DE2-64A83CC13884): 2
LogDevObjectVersion:   Dev-LoadTimes (C2A15278-BFE7-4AFE-6C17-90FF531DF755): 1
LogDevObjectVersion:   Private-Geometry (6EACA3D4-40EC-4CC1-B786-8BED09428FC5): 3
LogDevObjectVersion:   Dev-AnimPhys (29E575DD-E0A3-4627-9D10-D276232CDCEA): 17
LogDevObjectVersion:   Dev-ReflectionCapture (6B266CEC-1EC7-4B8F-A30B-E4D90942FC07): 1
LogDevObjectVersion:   Dev-Automation (0DF73D61-A23F-47EA-B727-89E90C41499A): 1
LogDevObjectVersion:   FortniteMain (601D1886-AC64-4F84-AA16-D3DE0DEAC7D6): 12
LogDevObjectVersion:   Dev-Enterprise (9DFFBCD6-494F-0158-E221-12823C92A888): 1
LogStreaming: Display: Took  0.000s to delete old logs.
LogInit: Presizing for max 8388607 objects, including 0 objects not considered by GC, pre-allocating 0 bytes for permanent pool.
LogInit: Object subsystem initialized
[2019.08.26-14.21.53:129][  0]LogInit: Selected Device Profile: [Windows]
[2019.08.26-14.21.53:129][  0]LogInit: Applying CVar settings loaded from the selected device profile: [Windows]
[2019.08.26-14.21.53:145][  0]LogHAL: Display: Platform has ~ 16 GB [17120129024 / 17179869184 / 16], which maps to Larger [LargestMinGB=32, LargerMinGB=12, DefaultMinGB=8, SmallerMinGB=6, SmallestMinGB=0)
[2019.08.26-14.21.53:145][  0]LogInit: Setting Device Profile CVar: [[r.Vulkan.UseRealUBs:1]]
[2019.08.26-14.21.53:145][  0]LogInit: Going up to parent DeviceProfile []
[2019.08.26-14.21.53:145][  0]LogInit: Computer: DESKTOP-8HANKV7
[2019.08.26-14.21.53:145][  0]LogInit: User: Wholeheartgamer
[2019.08.26-14.21.53:145][  0]LogInit: CPU Page size=4096, Cores=4
[2019.08.26-14.21.53:145][  0]LogInit: High frequency timer resolution =10.000000 MHz
[2019.08.26-14.21.53:145][  0]LogMemory: Memory total: Physical=15.9GB (16GB approx)
[2019.08.26-14.21.53:145][  0]LogMemory: Platform Memory Stats for Windows
[2019.08.26-14.21.53:145][  0]LogMemory: Process Physical Memory: 100.15 MB used, 100.15 MB peak
[2019.08.26-14.21.53:145][  0]LogMemory: Process Virtual Memory: 90.71 MB used, 90.71 MB peak
[2019.08.26-14.21.53:145][  0]LogMemory: Physical Memory: 4509.63 MB used,  11817.40 MB free, 16327.03 MB total
[2019.08.26-14.21.53:145][  0]LogMemory: Virtual Memory: 4628.35 MB used,  11817.40 MB free, 134217728.00 MB total
[2019.08.26-14.21.53:159][  0]LogInit: Using OS detected language (en-US).
[2019.08.26-14.21.53:159][  0]LogInit: Using OS detected locale (en-US).
[2019.08.26-14.21.53:160][  0]LogTextLocalizationManager: No specific localization for 'en-US' exists, so the 'en' localization will be used.
[2019.08.26-14.21.53:467][  0]LogStreaming: Display: Took  0.307s to InitEngineTextLocalization.
[2019.08.26-14.21.53:467][  0]LogInit: Setting process to per monitor DPI aware
[2019.08.26-14.21.53:483][  0]LogSlate: New Slate User Created.  User Index 0, Is Virtual User: 0
[2019.08.26-14.21.53:483][  0]LogSlate: Slate User Registered.  User Index 0, Is Virtual User: 0
[2019.08.26-14.21.53:630][  0]LogHMD: Failed to initialize OpenVR with code 110
[2019.08.26-14.21.53:630][  0]LogD3D11RHI: D3D11 adapters:
[2019.08.26-14.21.53:680][  0]LogD3D11RHI:    0. 'NVIDIA GeForce GTX 1060 3GB' (Feature Level 11_0)
[2019.08.26-14.21.53:680][  0]LogD3D11RHI:       2997/0/8163 MB DedicatedVideo/DedicatedSystem/SharedSystem, Outputs:1, VendorId:0x10de
[2019.08.26-14.21.53:683][  0]LogD3D11RHI:    1. 'Microsoft Basic Render Driver' (Feature Level 11_0)
[2019.08.26-14.21.53:683][  0]LogD3D11RHI:       0/0/8163 MB DedicatedVideo/DedicatedSystem/SharedSystem, Outputs:0, VendorId:0x1414
[2019.08.26-14.21.53:683][  0]LogD3D11RHI: Chosen D3D11 Adapter: 0
[2019.08.26-14.21.53:689][  0]LogD3D11RHI: Creating new Direct3DDevice
[2019.08.26-14.21.53:689][  0]LogD3D11RHI:     GPU DeviceId: 0x1c02 (for the marketing name, search the web for "GPU Device Id")
[2019.08.26-14.21.53:689][  0]LogWindows: EnumDisplayDevices:
[2019.08.26-14.21.53:689][  0]LogWindows:    0. 'NVIDIA GeForce GTX 1060 3GB' (P:1 D:1)
[2019.08.26-14.21.53:690][  0]LogWindows:    1. 'NVIDIA GeForce GTX 1060 3GB' (P:0 D:0)
[2019.08.26-14.21.53:690][  0]LogWindows:    2. 'NVIDIA GeForce GTX 1060 3GB' (P:0 D:0)
[2019.08.26-14.21.53:690][  0]LogWindows:    3. 'NVIDIA GeForce GTX 1060 3GB' (P:0 D:0)
[2019.08.26-14.21.53:690][  0]LogWindows: DebugString: FoundDriverCount:4 
[2019.08.26-14.21.53:690][  0]LogD3D11RHI:     Adapter Name: NVIDIA GeForce GTX 1060 3GB
[2019.08.26-14.21.53:690][  0]LogD3D11RHI:   Driver Version: 388.13 (internal:23.21.13.8813, unified:388.13)
[2019.08.26-14.21.53:690][  0]LogD3D11RHI:      Driver Date: 10-27-2017
[2019.08.26-14.21.53:690][  0]LogRHI: Texture pool is 2097 MB (70% of 2997 MB)
[2019.08.26-14.21.53:717][  0]LogD3D11RHI: Async texture creation enabled
[2019.08.26-14.21.53:728][  0]LogD3D11RHI: GPU Timing Frequency: 1000.000000 (Debug: 2 1)
[2019.08.26-14.21.53:730][  0]LogShaderCompilers: Guid format shader working directory is -5 characters bigger than the processId version (C:/Users/Wholeheartgamer/Documents/Unreal Projects/Plane_Game/Intermediate/Shaders/WorkingDirectory/5556/).
[2019.08.26-14.21.53:730][  0]LogShaderCompilers: Cleaned the shader compiler working directory 'C:/Users/Wholeheartgamer/AppData/Local/Temp/UnrealShaderWorkingDir/834B7BA041E1F68C15F1DEABE6D8F42F/'.
[2019.08.26-14.21.53:981][  0]LogTemp: Display: Loaded TP AllDesktopTargetPlatform
[2019.08.26-14.21.53:993][  0]LogTemp: Display: Loaded TP MacClientTargetPlatform
[2019.08.26-14.21.54:004][  0]LogTemp: Display: Loaded TP MacNoEditorTargetPlatform
[2019.08.26-14.21.54:013][  0]LogTemp: Display: Loaded TP MacServerTargetPlatform
[2019.08.26-14.21.54:025][  0]LogTemp: Display: Loaded TP MacTargetPlatform
[2019.08.26-14.21.54:036][  0]LogTemp: Display: Loaded TP WindowsClientTargetPlatform
[2019.08.26-14.21.54:048][  0]LogTemp: Display: Loaded TP WindowsNoEditorTargetPlatform
[2019.08.26-14.21.54:059][  0]LogTemp: Display: Loaded TP WindowsServerTargetPlatform
[2019.08.26-14.21.54:063][  0]LogTemp: Display: Loaded TP WindowsTargetPlatform
[2019.08.26-14.21.54:132][  0]LogTemp: Display: Loaded TP AndroidTargetPlatform
[2019.08.26-14.21.54:132][  0]LogTemp: Display: Loaded TP AndroidTargetPlatform
[2019.08.26-14.21.54:132][  0]LogTemp: Display: Loaded TP AndroidTargetPlatform
[2019.08.26-14.21.54:132][  0]LogTemp: Display: Loaded TP AndroidTargetPlatform
[2019.08.26-14.21.54:132][  0]LogTemp: Display: Loaded TP AndroidTargetPlatform
[2019.08.26-14.21.54:132][  0]LogTemp: Display: Loaded TP AndroidTargetPlatform
[2019.08.26-14.21.54:132][  0]LogTemp: Display: Loaded TP AndroidTargetPlatform
[2019.08.26-14.21.54:132][  0]LogTemp: Display: Loaded TP AndroidTargetPlatform
[2019.08.26-14.21.54:132][  0]LogTemp: Display: Loaded TP AndroidTargetPlatform
[2019.08.26-14.21.54:132][  0]LogTemp: Display: Loaded TP AndroidTargetPlatform
[2019.08.26-14.21.54:132][  0]LogTemp: Display: Loaded TP AndroidTargetPlatform
[2019.08.26-14.21.54:132][  0]LogTemp: Display: Loaded TP AndroidTargetPlatform
[2019.08.26-14.21.54:132][  0]LogTemp: Display: Loaded TP AndroidTargetPlatform
[2019.08.26-14.21.54:132][  0]LogTemp: Display: Loaded TP AndroidTargetPlatform
[2019.08.26-14.21.54:132][  0]LogTemp: Display: Loaded TP AndroidTargetPlatform
[2019.08.26-14.21.54:132][  0]LogTemp: Display: Loaded TP AndroidTargetPlatform
[2019.08.26-14.21.54:132][  0]LogTemp: Display: Loaded TP AndroidTargetPlatform
[2019.08.26-14.21.54:132][  0]LogTemp: Display: Loaded TP AndroidTargetPlatform
[2019.08.26-14.21.54:133][  0]LogTemp: Display: Loaded TP HTML5TargetPlatform
[2019.08.26-14.21.54:187][  0]LogTemp: Display: Loaded TP IOSTargetPlatform
[2019.08.26-14.21.54:187][  0]LogTemp: Display: Loaded TP IOSTargetPlatform
[2019.08.26-14.21.54:206][  0]LogTemp: Display: Loaded TP TVOSTargetPlatform
[2019.08.26-14.21.54:206][  0]LogTemp: Display: Loaded TP TVOSTargetPlatform
[2019.08.26-14.21.54:216][  0]LogTemp: Display: Loaded TP LinuxClientTargetPlatform
[2019.08.26-14.21.54:226][  0]LogTemp: Display: Loaded TP LinuxNoEditorTargetPlatform
[2019.08.26-14.21.54:237][  0]LogTemp: Display: Loaded TP LinuxServerTargetPlatform
[2019.08.26-14.21.54:246][  0]LogTemp: Display: Loaded TP LinuxTargetPlatform
[2019.08.26-14.21.54:254][  0]LogTemp: Display: Loaded TP LuminTargetPlatform
[2019.08.26-14.21.54:254][  0]LogTargetPlatformManager: Display: Building Assets For Windows
[2019.08.26-14.21.54:293][  0]LogXGEController: Cannot use XGE Controller as Incredibuild is not installed on this machine.
[2019.08.26-14.21.54:293][  0]LogShaderCompilers: Cannot use XGE Shader Compiler as Incredibuild is not installed on this machine.
[2019.08.26-14.21.54:293][  0]LogShaderCompilers: Display: Using Local Shader Compiler.
[2019.08.26-14.21.54:895][  0]LogDerivedDataCache: Display: Max Cache Size: 512 MB
[2019.08.26-14.21.54:939][  0]LogDerivedDataCache: Loaded boot cache 0.04s 71MB C:/Users/Wholeheartgamer/AppData/Local/UnrealEngine/4.20/DerivedDataCache/Boot.ddc.
[2019.08.26-14.21.54:939][  0]LogDerivedDataCache: Display: Loaded Boot cache: C:/Users/Wholeheartgamer/AppData/Local/UnrealEngine/4.20/DerivedDataCache/Boot.ddc
[2019.08.26-14.21.54:940][  0]LogDerivedDataCache: FDerivedDataBackendGraph:  Pak pak cache file C:/Users/Wholeheartgamer/Documents/Unreal Projects/Plane_Game/DerivedDataCache/DDC.ddp not found, will not use a pak cache.
[2019.08.26-14.21.54:940][  0]LogDerivedDataCache: Unable to find inner node Pak for hierarchical cache Hierarchy.
[2019.08.26-14.21.54:940][  0]LogDerivedDataCache: FDerivedDataBackendGraph:  CompressedPak pak cache file C:/Users/Wholeheartgamer/Documents/Unreal Projects/Plane_Game/DerivedDataCache/Compressed.ddp not found, will not use a pak cache.
[2019.08.26-14.21.54:940][  0]LogDerivedDataCache: Unable to find inner node CompressedPak for hierarchical cache Hierarchy.
[2019.08.26-14.21.54:952][  0]LogDerivedDataCache: Display: Pak cache opened for reading ../../../Engine/DerivedDataCache/Compressed.ddp.
[2019.08.26-14.21.54:964][  0]LogDerivedDataCache: Using Local data cache path C:/Users/Wholeheartgamer/AppData/Local/UnrealEngine/Common/DerivedDataCache: Writable
[2019.08.26-14.21.54:964][  0]LogDerivedDataCache: Shared data cache path not found in *engine.ini, will not use an Shared cache.
[2019.08.26-14.21.54:964][  0]LogDerivedDataCache: Unable to find inner node Shared for hierarchical cache Hierarchy.
[2019.08.26-14.21.54:980][  0]LogMaterial: Verifying Global Shaders for PCD3D_SM5
[2019.08.26-14.21.54:981][  0]LogSlate: Using FreeType 2.6.0
[2019.08.26-14.21.54:981][  0]LogSlate: SlateFontServices - WITH_FREETYPE: 1, WITH_HARFBUZZ: 1
[2019.08.26-14.21.55:043][  0]LogAssetRegistry: FAssetRegistry took 0.0256 seconds to start up
[2019.08.26-14.21.55:312][  0]LogInit: Selected Device Profile: [Windows]
[2019.08.26-14.21.55:418][  0]LogSimplygon: Simplygon DLL not present - disabling.
[2019.08.26-14.21.55:419][  0]LogMeshReduction: Using SimplygonSwarm for distributed automatic mesh merging
[2019.08.26-14.21.55:419][  0]LogMeshReduction: Using ProxyLODMeshReduction for automatic mesh merging
[2019.08.26-14.21.55:419][  0]LogMeshReduction: Using QuadricMeshReduction for automatic static mesh reduction
[2019.08.26-14.21.55:419][  0]LogMeshReduction: No automatic skeletal mesh reduction module available
[2019.08.26-14.21.55:432][  0]LogNetVersion: Plane_Game 1.0.0, NetCL: 4212847, EngineNetVer: 5, GameNetVer: 0 (Checksum: 1315238577)
[2019.08.26-14.21.55:875][  0]LogPackageLocalizationCache: Processed 11 localized package path(s) for 2 prioritized culture(s) in 0.098181 seconds
[2019.08.26-14.21.55:880][  0]LogUObjectArray: 38425 objects as part of root set at end of initial load.
[2019.08.26-14.21.55:880][  0]LogUObjectAllocator: 6690872 out of 0 bytes used by permanent object pool.
[2019.08.26-14.21.55:881][  0]LogUObjectArray: CloseDisregardForGC: 0/0 objects in disregard for GC pool
[2019.08.26-14.21.56:514][  0]LogTcpMessaging: Initializing TcpMessaging bridge
[2019.08.26-14.21.56:527][  0]LogUdpMessaging: Initializing bridge on interface 0.0.0.0:0 to multicast group 230.0.0.1:6666.
[2019.08.26-14.21.56:646][  0]SourceControl: Source control is disabled
[2019.08.26-14.21.56:646][  0]SourceControl: Source control is disabled
[2019.08.26-14.21.56:646][  0]SourceControl: Source control is disabled
[2019.08.26-14.21.56:647][  0]SourceControl: Source control is disabled
[2019.08.26-14.21.56:795][  0]LogAndroidPermission: UAndroidPermissionCallbackProxy::GetInstance
[2019.08.26-14.21.56:894][  0]LogOcInput: OculusInput pre-init called
[2019.08.26-14.21.56:948][  0]LogEngine: Initializing Engine...
[2019.08.26-14.21.56:949][  0]LogHMD: Failed to initialize OpenVR with code 110
[2019.08.26-14.21.56:950][  0]LogStats: UGameplayTagsManager::ConstructGameplayTagTree: ImportINI prefixes -  0.000 s
[2019.08.26-14.21.56:950][  0]LogStats: UGameplayTagsManager::ConstructGameplayTagTree: Construct from data asset -  0.000 s
[2019.08.26-14.21.56:951][  0]LogStats: UGameplayTagsManager::ConstructGameplayTagTree: ImportINI -  0.000 s
[2019.08.26-14.21.56:951][  0]LogStats: UGameplayTagsManager::ConstructGameplayTagTree: GameplayTagTreeChangedEvent.Broadcast -  0.000 s
[2019.08.26-14.21.57:125][  0]LogInit: Initializing FReadOnlyCVARCache
[2019.08.26-14.21.57:132][  0]LogAIModule: Creating AISystem for world Untitled
[2019.08.26-14.21.57:146][  0]LogInit: XAudio2 using 'Speakers (Realtek High Definition Audio)' : 6 channels at 48 kHz using 32 bits per sample (channel mask 0x3f)
[2019.08.26-14.21.57:167][  0]LogInit: FAudioDevice initialized.
[2019.08.26-14.21.57:167][  0]LogNetVersion: Set ProjectVersion to 1.0.0.0. Version Checksum will be recalculated on next use.
[2019.08.26-14.21.57:347][  0]LogDerivedDataCache: Saved boot cache 0.18s 71MB C:/Users/Wholeheartgamer/AppData/Local/UnrealEngine/4.20/DerivedDataCache/Boot.ddc.
[2019.08.26-14.21.57:357][  0]LogInit: Texture streaming: Enabled
[2019.08.26-14.21.57:365][  0]LogEngineSessionManager: EngineSessionManager initialized
[2019.08.26-14.21.57:373][  0]LogInit: Transaction tracking system initialized
[2019.08.26-14.21.57:384][  0]BlueprintLog: New page: Editor Load
[2019.08.26-14.21.57:424][  0]LocalizationService: Localization service is disabled
[2019.08.26-14.21.57:685][  0]LogCook: Display: Max memory allowance for cook 16384mb min free memory 0mb
[2019.08.26-14.21.57:685][  0]LogCook: Display: Mobile HDR setting 1
[2019.08.26-14.21.57:685][  0]LogGameplayTags: Display: UGameplayTagsManager::DoneAddingNativeTags. DelegateIsBound: 0
[2019.08.26-14.21.57:685][  0]LogStats: UGameplayTagsManager::ConstructGameplayTagTree: ImportINI prefixes -  0.000 s
[2019.08.26-14.21.57:685][  0]LogStats: UGameplayTagsManager::ConstructGameplayTagTree: Construct from data asset -  0.000 s
[2019.08.26-14.21.57:686][  0]LogStats: UGameplayTagsManager::ConstructGameplayTagTree: ImportINI -  0.000 s
[2019.08.26-14.21.57:686][  0]LogStats: UGameplayTagsManager::ConstructGameplayTagTree: GameplayTagTreeChangedEvent.Broadcast -  0.000 s
[2019.08.26-14.21.57:783][  0]LogFileCache: Scanning file cache for directory 'C:/Users/Wholeheartgamer/Documents/Unreal Projects/Plane_Game/Content/' took 0.02s
[2019.08.26-14.21.57:783][  0]SourceControl: Source control is disabled
[2019.08.26-14.21.57:783][  0]Cmd: MAP LOAD FILE="C:/Users/Wholeheartgamer/Documents/Unreal Projects/Plane_Game/Content/StarterContent/Maps/Minimal_Default.umap" TEMPLATE=0 SHOWPROGRESS=1 FEATURELEVEL=3
[2019.08.26-14.21.57:784][  0]LogEditorServer: Warning: Can't find file 'C:/Users/Wholeheartgamer/Documents/Unreal Projects/Plane_Game/Content/StarterContent/Maps/Minimal_Default.umap'
[2019.08.26-14.21.57:784][  0]Cmd: MAP CHECKDEP NOCLEARLOG
[2019.08.26-14.21.57:813][  0]MapCheck: Map check complete: 0 Error(s), 0 Warning(s), took 30.219ms to complete.
[2019.08.26-14.21.57:813][  0]LogFileHelpers: Loading map 'Minimal_Default' took 0.031
[2019.08.26-14.21.58:462][  0]LogSlate: Updating window title bar state: overlay mode, drag disabled, window buttons hidden, title bar hidden
[2019.08.26-14.21.58:476][  0]LogSlate: Updating window title bar state: overlay mode, drag disabled, window buttons hidden, title bar hidden
[2019.08.26-14.21.58:486][  0]LogSlate: Updating window title bar state: overlay mode, drag disabled, window buttons hidden, title bar hidden
[2019.08.26-14.21.58:494][  0]LogSlate: Updating window title bar state: overlay mode, drag disabled, window buttons hidden, title bar hidden
[2019.08.26-14.21.58:581][  0]LogCollectionManager: Loaded 0 collections in 0.001658 seconds
[2019.08.26-14.21.58:688][  0]LogFileCache: Scanning file cache for directory 'C:/Users/Wholeheartgamer/Documents/Unreal Projects/Plane_Game/Saved/Collections/' took 0.01s
[2019.08.26-14.21.58:688][  0]LogFileCache: Scanning file cache for directory 'C:/Users/Wholeheartgamer/Documents/Unreal Projects/Plane_Game/Content/Developers/Wholeheartgamer/Collections/' took 0.01s
[2019.08.26-14.21.58:688][  0]LogFileCache: Scanning file cache for directory 'C:/Users/Wholeheartgamer/Documents/Unreal Projects/Plane_Game/Content/Collections/' took 0.01s
[2019.08.26-14.21.58:689][  0]LogCollectionManager: Rebuilt the GUID cache for 0 collections in 0.000001 seconds
[2019.08.26-14.21.58:722][  0]LogContentBrowser: Native class hierarchy populated in 0.0327 seconds. Added 2572 classes and 603 folders.
[2019.08.26-14.21.58:758][  0]LogContentBrowser: Native class hierarchy updated for 'WidgetCarousel' in 0.0004 seconds. Added 0 classes and 0 folders.
[2019.08.26-14.22.00:104][  0]LogContentBrowser: Native class hierarchy updated for 'AddContentDialog' in 0.0002 seconds. Added 0 classes and 0 folders.
[2019.08.26-14.22.00:133][  0]LogContentBrowser: Native class hierarchy updated for 'SceneOutliner' in 0.0004 seconds. Added 1 classes and 2 folders.
[2019.08.26-14.22.00:576][  0]LogSlate: Took 0.000509 seconds to synchronously load lazily loaded font '../../../Engine/Content/Slate/Fonts/Roboto-Regular.ttf' (155K)
[2019.08.26-14.22.00:584][  0]LogSlate: Took 0.000306 seconds to synchronously load lazily loaded font '../../../Engine/Content/Slate/Fonts/Roboto-Bold.ttf' (160K)
[2019.08.26-14.22.00:688][  0]LogSlate: Took 0.017947 seconds to synchronously load lazily loaded font '../../../Engine/Content/Editor/Slate/Fonts/FontAwesome.ttf' (139K)
[2019.08.26-14.22.01:014][  0]LogRenderer: Reallocating scene render targets to support 1208x576 Format 10 NumSamples 1 (Frame:1).
[2019.08.26-14.22.01:304][  0]LogContentBrowser: Native class hierarchy updated for 'HierarchicalLODOutliner' in 0.0002 seconds. Added 0 classes and 0 folders.
[2019.08.26-14.22.01:304][  0]LogLoad: (Engine Initialization) Total time: 9.44 seconds
[2019.08.26-14.22.01:304][  0]LogLoad: (Engine Initialization) Total Blueprint compile time: 0.00 seconds
[2019.08.26-14.22.01:339][  0]LogAssetRegistry: Asset discovery search completed in 6.3193 seconds
[2019.08.26-14.22.01:358][  0]LogCollectionManager: Rebuilt the object cache for 0 collections in 0.000000 seconds (found 0 objects)
[2019.08.26-14.22.01:358][  0]LogCollectionManager: Fixed up redirectors for 0 collections in 0.000055 seconds (updated 0 objects)
[2019.08.26-14.22.01:365][  0]LogContentStreaming: Texture pool size now 1000 MB
[2019.08.26-14.22.01:429][  0]LogSlate: Took 0.016565 seconds to synchronously load lazily loaded font '../../../Engine/Content/Slate/Fonts/Roboto-Light.ttf' (167K)
[2019.08.26-14.22.04:635][373]LogSlate: FSceneViewport::OnFocusLost() reason 0
[2019.08.26-14.22.06:380][576]LogSlate: Took 0.000133 seconds to synchronously load lazily loaded font '../../../Engine/Content/Slate/Fonts/Roboto-Light.ttf' (167K)
[2019.08.26-14.22.06:582][576]LogAIModule: Creating AISystem for world Airport
[2019.08.26-14.22.06:589][576]LogAssetEditorManager: Opening Asset editor for World /Game/Maps/Airport.Airport
[2019.08.26-14.22.06:640][576]Cmd: MAP LOAD FILE="C:/Users/Wholeheartgamer/Documents/Unreal Projects/Plane_Game/Content/Maps/Airport.umap" TEMPLATE=0 SHOWPROGRESS=1 FEATURELEVEL=3
[2019.08.26-14.22.06:640][576]LightingResults: New page: Lighting Build
[2019.08.26-14.22.06:641][576]LogContentBrowser: Native class hierarchy updated for 'StatsViewer' in 0.0002 seconds. Added 5 classes and 0 folders.
[2019.08.26-14.22.06:642][576]LoadErrors: New page: Loading map: Airport.umap
[2019.08.26-14.22.06:642][576]MapCheck: New page: Map Check
[2019.08.26-14.22.06:642][576]LightingResults: New page: Lighting Build
[2019.08.26-14.22.06:679][576]LogEditorServer: Finished looking for orphan Actors (0.000 secs)
[2019.08.26-14.22.06:707][576]Cmd: MAP CHECKDEP NOCLEARLOG
[2019.08.26-14.22.06:741][576]MapCheck: Map check complete: 0 Error(s), 0 Warning(s), took 33.932ms to complete.
[2019.08.26-14.22.06:741][576]LogFileHelpers: Loading map 'Airport' took 0.102
[2019.08.26-14.46.17:721][360]LogDirectoryWatcher: Warning: Failed to begin reading directory changes for C:/Users/Wholeheartgamer/Documents/Unreal Projects/Plane_Game/Plugins/. Error: The system cannot find the file specified. (0x00000002)
[2019.08.26-14.46.43:140][381]LogSlate: Window 'Plugins' being destroyed
[2019.08.26-14.46.43:144][381]LogSlate: Window 'Plugins' being destroyed
[2019.08.26-14.46.43:144][381]LogDirectoryWatcher: A directory notification for '../../../Engine/Plugins/' was aborted.
[2019.08.26-14.47.22:198][994]LogDirectoryWatcher: Warning: Failed to begin reading directory changes for C:/Users/Wholeheartgamer/Documents/Unreal Projects/Plane_Game/Plugins/. Error: The system cannot find the file specified. (0x00000002)
[2019.08.26-14.47.31:243][ 66]LogSlate: Window 'Plugins' being destroyed
[2019.08.26-14.47.31:246][ 66]LogSlate: Window 'Plugins' being destroyed
[2019.08.26-14.47.31:246][ 66]LogDirectoryWatcher: A directory notification for '../../../Engine/Plugins/' was aborted.
[2019.08.26-14.51.17:527][576]LogSlate: Window 'Pick Parent Class' being destroyed
[2019.08.26-14.51.22:066][111]LogAssetEditorManager: Opening Asset editor for Blueprint /Game/NewBlueprint.NewBlueprint
[2019.08.26-14.51.22:918][111]LogContentBrowser: Native class hierarchy updated for 'BlueprintGraph' in 0.0023 seconds. Added 116 classes and 0 folders.
[2019.08.26-14.51.24:761][111]LogRenderer: Reallocating scene render targets to support 1208x900 Format 10 NumSamples 1 (Frame:1).
[2019.08.26-14.51.25:227][157]LogSlate: Took 0.004217 seconds to synchronously load lazily loaded font '../../../Engine/Content/Slate/Fonts/Roboto-Italic.ttf' (157K)
[2019.08.26-14.54.11:127][594]LogSlate: Window 'NewBlueprint*' being destroyed
[2019.08.26-14.54.15:059][ 53]LogDirectoryWatcher: Warning: Failed to begin reading directory changes for C:/Users/Wholeheartgamer/Documents/Unreal Projects/Plane_Game/Plugins/. Error: The system cannot find the file specified. (0x00000002)
[2019.08.26-14.55.14:355][124]LogSlate: Window 'New Plugin' being destroyed
[2019.08.26-14.55.14:358][124]LogSlate: Window 'New Plugin' being destroyed
[2019.08.26-14.55.38:944][ 59]LogSlate: FSceneViewport::OnFocusLost() reason 0
[2019.08.26-14.55.45:526][849]LogSlate: Window 'Plugins' being destroyed
[2019.08.26-14.55.45:530][849]LogSlate: Window 'Plugins' being destroyed
[2019.08.26-14.55.45:530][849]LogDirectoryWatcher: A directory notification for '../../../Engine/Plugins/' was aborted.
[2019.08.26-14.56.26:054][703]LogFileHelpers: Editor autosave (incl. sublevels) for '/Game/Maps/Airport' took 0.024
[2019.08.26-14.56.26:056][703]OBJ SavePackage: Generating thumbnails for [0] asset(s) in package [/Game/NewBlueprint] ([1] browsable assets)...
[2019.08.26-14.56.26:056][703]OBJ SavePackage: Finished generating thumbnails for package [/Game/NewBlueprint]
[2019.08.26-14.56.26:056][703]Cmd: OBJ SAVEPACKAGE PACKAGE="/Game/NewBlueprint" FILE="C:/Users/Wholeheartgamer/Documents/Unreal Projects/Plane_Game/Saved/Autosaves/Game/NewBlueprint_Auto1.uasset" SILENT=false AUTOSAVING=true
[2019.08.26-14.56.26:089][703]LogSavePackage: Moving 'C:/Users/Wholeheartgamer/Documents/Unreal Projects/Plane_Game/Saved/NewBlueprint_Auto1BC3013A94182A228971421BBD600A4DF.tmp' to 'C:/Users/Wholeheartgamer/Documents/Unreal Projects/Plane_Game/Saved/Autosaves/Game/NewBlueprint_Auto1.uasset'
[2019.08.26-14.56.26:106][703]LogFileHelpers: Auto-saving content packages took 0.050
[2019.08.26-14.57.07:773][683]LogEditor: Attempting to add actor of class 'CameraRig_Rail' to level at -510.00,-510.00,210.00
[2019.08.26-14.57.08:336][738]LogEditor: Attempting to add actor of class 'CameraRig_Rail' to level at -100.00,-80.00,20.00
[2019.08.26-14.57.17:683][849]Cmd: DELETE
[2019.08.26-14.57.17:683][849]Cmd: ACTOR DELETE
[2019.08.26-14.57.17:713][849]LogEditorActor: Deleted Actor: CameraRig_Rail
[2019.08.26-14.57.17:767][849]LogEditorActor: Deleted 1 Actors (0.074 secs)
[2019.08.26-14.57.23:297][512]LogSlate: FSceneViewport::OnFocusLost() reason 0
[2019.08.26-14.57.23:425][527]LogEditor: Attempting to add actor of class 'CableActor' to level at 250.00,-510.00,20.00
[2019.08.26-14.57.24:268][608]LogEditor: Attempting to add actor of class 'CableActor' to level at 70.00,-150.00,20.00
[2019.08.26-14.57.32:681][611]Cmd: DELETE
[2019.08.26-14.57.32:681][611]Cmd: ACTOR DELETE
[2019.08.26-14.57.32:683][611]LogEditorActor: Deleted Actor: CableActor
[2019.08.26-14.57.32:704][611]LogEditorActor: Deleted 1 Actors (0.023 secs)
[2019.08.26-14.58.56:963][718]LogSlate: FSceneViewport::OnFocusLost() reason 0
[2019.08.26-14.58.57:091][733]LogEditor: Attempting to add actor of class 'SplineMeshActor' to level at 240.00,-490.00,20.00
[2019.08.26-14.58.57:534][784]LogEditor: Attempting to add actor of class 'SplineMeshActor' to level at 90.00,70.00,20.00
[2019.08.26-14.59.00:072][ 83]Cmd: DELETE
[2019.08.26-14.59.00:072][ 83]Cmd: ACTOR DELETE
[2019.08.26-14.59.00:073][ 83]LogEditorActor: Deleted Actor: SplineMeshActor
[2019.08.26-14.59.00:092][ 83]LogEditorActor: Deleted 1 Actors (0.021 secs)
[2019.08.26-15.02.18:668][396]LogSlate: FSceneViewport::OnFocusLost() reason 2
[2019.08.26-15.06.26:611][292]LogSavePackage: Moving 'C:/Users/Wholeheartgamer/Documents/Unreal Projects/Plane_Game/Saved/Airport_Auto2793EA4DF43CF0D8B0734E1BEE0F790CC.tmp' to 'C:/Users/Wholeheartgamer/Documents/Unreal Projects/Plane_Game/Saved/Autosaves/Game/Maps/Airport_Auto2.umap'
[2019.08.26-15.06.26:617][292]LogFileHelpers: Editor autosave (incl. sublevels) for '/Game/Maps/Airport' took 0.091
[2019.08.26-15.06.26:618][292]LogFileHelpers: Editor autosave (incl. sublevels) for all levels took 0.091
[2019.08.26-15.54.34:815][892]LogAudio: Warning: Current Audio Device with ID {0.0.0.00000000}.{5ac1a980-014b-4610-aed9-db0aaa2a7aae} was removed. Shutting down audio device.
[2019.08.26-15.54.34:815][892]LogInit: XAudio2 using 'Realtek Digital Output (Realtek High Definition Audio)' : 2 channels at 48 kHz using 16 bits per sample (channel mask 0x3)
[2019.08.26-15.54.42:547][915]LogInit: XAudio2 using 'Realtek Digital Output (Realtek High Definition Audio)' : 2 channels at 48 kHz using 16 bits per sample (channel mask 0x3)
[2019.08.26-15.54.44:892][922]LogInit: XAudio2 using 'Speakers (Realtek High Definition Audio)' : 6 channels at 48 kHz using 32 bits per sample (channel mask 0x3f)
[2019.08.26-15.59.51:812][427]LogAudio: Warning: Current Audio Device with ID {0.0.0.00000000}.{5ac1a980-014b-4610-aed9-db0aaa2a7aae} was removed. Shutting down audio device.
[2019.08.26-15.59.51:812][427]LogInit: XAudio2 using 'Realtek Digital Output (Realtek High Definition Audio)' : 2 channels at 48 kHz using 16 bits per sample (channel mask 0x3)
[2019.08.26-15.59.57:184][443]LogInit: XAudio2 using 'Speakers (Realtek High Definition Audio)' : 6 channels at 48 kHz using 32 bits per sample (channel mask 0x3f)
[2019.08.26-16.57.00:720][416]LogAudio: Warning: Current Audio Device with ID {0.0.0.00000000}.{5ac1a980-014b-4610-aed9-db0aaa2a7aae} was removed. Shutting down audio device.
[2019.08.26-16.57.00:720][416]LogInit: XAudio2 using 'Realtek Digital Output (Realtek High Definition Audio)' : 2 channels at 48 kHz using 16 bits per sample (channel mask 0x3)
[2019.08.26-16.57.16:851][855]LogInit: XAudio2 using 'Speakers (Realtek High Definition Audio)' : 6 channels at 48 kHz using 32 bits per sample (channel mask 0x3f)
[2019.08.26-16.57.18:842][861]LogInit: XAudio2 using 'Speakers (Realtek High Definition Audio)' : 6 channels at 48 kHz using 32 bits per sample (channel mask 0x3f)
[2019.08.26-20.30.18:883][381]LogAudio: Warning: Current Audio Device with ID {0.0.0.00000000}.{5ac1a980-014b-4610-aed9-db0aaa2a7aae} was removed. Shutting down audio device.
[2019.08.26-20.30.18:884][381]LogInit: XAudio2 using 'Realtek Digital Output (Realtek High Definition Audio)' : 2 channels at 48 kHz using 16 bits per sample (channel mask 0x3)
[2019.08.26-20.30.28:897][411]LogInit: XAudio2 using 'Speakers (Realtek High Definition Audio)' : 6 channels at 48 kHz using 32 bits per sample (channel mask 0x3f)
[2019.08.26-20.30.47:153][867]LogEditorViewport: Clicking on Actor (LMB): StaticMeshActor (Floor)
[2019.08.26-20.30.47:887][935]Cmd: DELETE
[2019.08.26-20.30.47:887][935]Cmd: ACTOR DELETE
[2019.08.26-20.30.47:897][935]LogEditorActor: Deleted Actor: StaticMeshActor
[2019.08.26-20.30.48:003][935]LogEditorActor: Deleted 1 Actors (0.115 secs)
[2019.08.26-20.30.52:434][465]LogSlate: FSceneViewport::OnFocusLost() reason 0
[2019.08.26-20.31.00:630][446]LogAudio: Warning: Current Audio Device with ID {0.0.0.00000000}.{5ac1a980-014b-4610-aed9-db0aaa2a7aae} was removed. Shutting down audio device.
[2019.08.26-20.31.00:664][446]LogInit: XAudio2 using 'Realtek Digital Output (Realtek High Definition Audio)' : 2 channels at 48 kHz using 16 bits per sample (channel mask 0x3)
[2019.08.26-20.31.26:058][204]LogSavePackage: Moving 'C:/Users/Wholeheartgamer/Documents/Unreal Projects/Plane_Game/Saved/Airport_Auto36AB9F0B3428846052AAA7C9A097A0E21.tmp' to 'C:/Users/Wholeheartgamer/Documents/Unreal Projects/Plane_Game/Saved/Autosaves/Game/Maps/Airport_Auto3.umap'
[2019.08.26-20.31.26:061][204]LogFileHelpers: Editor autosave (incl. sublevels) for '/Game/Maps/Airport' took 0.082
[2019.08.26-20.31.26:061][204]LogFileHelpers: Editor autosave (incl. sublevels) for all levels took 0.082
[2019.08.26-20.31.27:915][210]LogInit: XAudio2 using 'Speakers (Realtek High Definition Audio)' : 6 channels at 48 kHz using 32 bits per sample (channel mask 0x3f)
[2019.08.26-20.33.39:794][187]LogAssetEditorManager: Opening Asset editor for Blueprint /Game/NewBlueprint.NewBlueprint
[2019.08.26-20.33.41:402][328]LogSlate: Window 'NewBlueprint*' being destroyed
[2019.08.26-20.33.41:466][328]LogAssetEditorManager: Opening Asset editor for Blueprint /Game/NewBlueprint.NewBlueprint
[2019.08.26-20.33.41:724][328]LogSlate: Took 0.009993 seconds to synchronously load lazily loaded font '../../../Engine/Content/Slate/Fonts/Roboto-BoldCondensed.ttf' (158K)
[2019.08.26-20.34.47:287][928]LogSlate: Window 'NewBlueprint*' being destroyed
[2019.08.26-20.34.48:679][ 86]LogSlate: Window 'NewBlueprint*' being destroyed
[2019.08.26-20.34.50:751][331]LogDirectoryWatcher: Warning: Failed to begin reading directory changes for C:/Users/Wholeheartgamer/Documents/Unreal Projects/Plane_Game/Plugins/. Error: The system cannot find the file specified. (0x00000002)
[2019.08.26-20.35.12:142][891]LogSlate: Window 'New Plugin' being destroyed
[2019.08.26-20.35.12:146][891]LogSlate: Window 'New Plugin' being destroyed
[2019.08.26-20.35.13:051][  0]LogSlate: Window 'Plugins' being destroyed
[2019.08.26-20.35.13:055][  0]LogSlate: Window 'Plugins' being destroyed
[2019.08.26-20.35.13:055][  0]LogDirectoryWatcher: A directory notification for '../../../Engine/Plugins/' was aborted.
[2019.08.26-20.36.06:893][ 54]LogSlate: Window 'Save Content' being destroyed
[2019.08.26-20.36.06:969][ 54]Cmd: OBJ SAVEPACKAGE PACKAGE="/Game/Maps/Airport" FILE="C:/Users/Wholeheartgamer/Documents/Unreal Projects/Plane_Game/Content/Maps/Airport.umap" SILENT=true AUTOSAVING=false KEEPDIRTY=false
[2019.08.26-20.36.07:018][ 54]LogSavePackage: Moving 'C:/Users/Wholeheartgamer/Documents/Unreal Projects/Plane_Game/Saved/AirportC41D54844CAEDBE5C8995D947A778035.tmp' to 'C:/Users/Wholeheartgamer/Documents/Unreal Projects/Plane_Game/Content/Maps/Airport.umap'
[2019.08.26-20.36.07:036][ 54]LogFileHelpers: Saving map 'Airport' took 0.117
[2019.08.26-20.36.07:037][ 54]Cmd: OBJ SAVEPACKAGE PACKAGE="/Game/NewBlueprint" FILE="C:/Users/Wholeheartgamer/Documents/Unreal Projects/Plane_Game/Content/NewBlueprint.uasset" SILENT=true
[2019.08.26-20.36.07:052][ 54]LogSavePackage: Moving 'C:/Users/Wholeheartgamer/Documents/Unreal Projects/Plane_Game/Saved/NewBlueprint2BA90E5F4B06110D9B7202B88D854F1F.tmp' to 'C:/Users/Wholeheartgamer/Documents/Unreal Projects/Plane_Game/Content/NewBlueprint.uasset'
[2019.08.26-20.36.08:496][197]LogSlate: Window 'Plane_Game - Unreal Editor' being destroyed
[2019.08.26-20.36.08:816][198]Cmd: QUIT_EDITOR
[2019.08.26-20.36.09:023][198]LogWindowsTextInputMethodSystem: Display: IME system now deactivated.
[2019.08.26-20.36.09:088][198]LogExit: Preparing to exit.
[2019.08.26-20.36.10:437][198]LogExit: Editor shut down
[2019.08.26-20.36.10:438][198]LogExit: Transaction tracking system shut down
[2019.08.26-20.36.11:747][198]LogExit: Object subsystem successfully closed.
[2019.08.26-20.36.11:885][198]LogShaderCompilers: Display: Shaders left to compile 0
[2019.08.26-20.36.11:905][198]LogD3D11RHI: Shutdown
[2019.08.26-20.36.11:905][198]LogD3D11RHI: CleanupD3DDevice
[2019.08.26-20.36.11:948][198]LogD3D11RHI: ~FD3D11DynamicRHI
[2019.08.26-20.36.12:654][198]LogModuleManager: Shutting down and abandoning module BlueprintGraph (612)
[2019.08.26-20.36.12:654][198]LogModuleManager: Shutting down and abandoning module StatsViewer (610)
[2019.08.26-20.36.12:656][198]LogModuleManager: Shutting down and abandoning module HierarchicalLODOutliner (608)
[2019.08.26-20.36.12:656][198]LogModuleManager: Shutting down and abandoning module SceneOutliner (606)
[2019.08.26-20.36.12:656][198]LogModuleManager: Shutting down and abandoning module AddContentDialog (604)
[2019.08.26-20.36.12:683][198]LogModuleManager: Shutting down and abandoning module WidgetCarousel (603)
[2019.08.26-20.36.12:683][198]LogModuleManager: Shutting down and abandoning module EditorWidgets (600)
[2019.08.26-20.36.12:683][198]LogModuleManager: Shutting down and abandoning module CollectionManager (598)
[2019.08.26-20.36.12:707][198]LogModuleManager: Shutting down and abandoning module FoliageEdit (596)
[2019.08.26-20.36.12:713][198]LogModuleManager: Shutting down and abandoning module LandscapeEditor (594)
[2019.08.26-20.36.12:718][198]LogModuleManager: Shutting down and abandoning module MeshPaintMode (592)
[2019.08.26-20.36.12:726][198]LogModuleManager: Shutting down and abandoning module SceneDepthPickerMode (590)
[2019.08.26-20.36.12:726][198]LogModuleManager: Shutting down and abandoning module ActorPickerMode (588)
[2019.08.26-20.36.12:726][198]LogModuleManager: Shutting down and abandoning module GeometryMode (586)
[2019.08.26-20.36.12:726][198]LogModuleManager: Shutting down and abandoning module TextureAlignMode (584)
[2019.08.26-20.36.12:726][198]LogModuleManager: Shutting down and abandoning module BspMode (582)
[2019.08.26-20.36.12:726][198]LogModuleManager: Shutting down and abandoning module PIEPreviewDeviceProfileSelector (580)
[2019.08.26-20.36.12:727][198]LogModuleManager: Shutting down and abandoning module SequenceRecorderSections (578)
[2019.08.26-20.36.12:730][198]LogModuleManager: Shutting down and abandoning module AutomationWorker (576)
[2019.08.26-20.36.12:730][198]LogModuleManager: Shutting down and abandoning module AudioCaptureEditor (574)
[2019.08.26-20.36.12:730][198]LogModuleManager: Shutting down and abandoning module SequenceRecorder (573)
[2019.08.26-20.36.12:737][198]LogModuleManager: Shutting down and abandoning module MatineeToLevelSequence (570)
[2019.08.26-20.36.12:760][198]LogModuleManager: Shutting down and abandoning module LevelSequenceEditor (568)
[2019.08.26-20.36.12:767][198]LogModuleManager: Shutting down and abandoning module PlacementMode (567)
[2019.08.26-20.36.12:767][198]LogModuleManager: Shutting down and abandoning module MaterialEditor (566)
[2019.08.26-20.36.12:782][198]LogModuleManager: Shutting down and abandoning module WmfMediaFactory (562)
[2019.08.26-20.36.12:782][198]LogModuleManager: Shutting down and abandoning module WmfMediaEditor (560)
[2019.08.26-20.36.12:782][198]LogModuleManager: Shutting down and abandoning module MediaPlayerEditor (558)
[2019.08.26-20.36.12:822][198]LogModuleManager: Shutting down and abandoning module OpenExrWrapper (556)
[2019.08.26-20.36.12:822][198]LogModuleManager: Shutting down and abandoning module ImgMediaFactory (554)
[2019.08.26-20.36.12:822][198]LogModuleManager: Shutting down and abandoning module ImgMediaEditor (552)
[2019.08.26-20.36.12:822][198]LogModuleManager: Shutting down and abandoning module AvfMediaFactory (550)
[2019.08.26-20.36.12:822][198]LogModuleManager: Shutting down and abandoning module AvfMediaEditor (548)
[2019.08.26-20.36.12:822][198]LogModuleManager: Shutting down and abandoning module AndroidMediaFactory (546)
[2019.08.26-20.36.12:822][198]LogModuleManager: Shutting down and abandoning module AndroidMediaEditor (544)
[2019.08.26-20.36.12:822][198]LogModuleManager: Shutting down and abandoning module MagicLeapCameraPreviewFactory (542)
[2019.08.26-20.36.12:822][198]LogModuleManager: Shutting down and abandoning module MagicLeapMediaFactory (540)
[2019.08.26-20.36.12:822][198]LogModuleManager: Shutting down and abandoning module MagicLeapMediaEditor (538)
[2019.08.26-20.36.12:822][198]LogModuleManager: Shutting down and abandoning module CharacterAI (536)
[2019.08.26-20.36.12:822][198]LogModuleManager: Shutting down and abandoning module SmartSnapping (534)
[2019.08.26-20.36.12:823][198]LogModuleManager: Shutting down and abandoning module SessionServices (532)
[2019.08.26-20.36.12:823][198]LogModuleManager: Shutting down and abandoning module ViewportSnapping (530)
[2019.08.26-20.36.12:823][198]LogModuleManager: Shutting down and abandoning module ViewportInteraction (528)
[2019.08.26-20.36.12:823][198]LogModuleManager: Shutting down and abandoning module ClothPainter (526)
[2019.08.26-20.36.12:842][198]LogModuleManager: Shutting down and abandoning module SkeletalMeshEditor (525)
[2019.08.26-20.36.12:854][198]LogModuleManager: Shutting down and abandoning module LogVisualizer (522)
[2019.08.26-20.36.12:866][198]LogModuleManager: Shutting down and abandoning module IntroTutorials (520)
[2019.08.26-20.36.12:874][198]LogModuleManager: Shutting down and abandoning module GameProjectGeneration (519)
[2019.08.26-20.36.12:885][198]LogModuleManager: Shutting down and abandoning module LuminPlatformEditor (516)
[2019.08.26-20.36.12:885][198]LogModuleManager: Shutting down and abandoning module IOSPlatformEditor (514)
[2019.08.26-20.36.12:889][198]LogModuleManager: Shutting down and abandoning module HTML5PlatformEditor (512)
[2019.08.26-20.36.12:889][198]LogModuleManager: Shutting down and abandoning module AndroidPlatformEditor (510)
[2019.08.26-20.36.12:889][198]LogModuleManager: Shutting down and abandoning module AndroidDeviceDetection (509)
[2019.08.26-20.36.14:186][198]LogModuleManager: Shutting down and abandoning module WindowsPlatformEditor (506)
[2019.08.26-20.36.14:186][198]LogModuleManager: Shutting down and abandoning module LuminRuntimeSettings (504)
[2019.08.26-20.36.14:186][198]LogModuleManager: Shutting down and abandoning module IOSRuntimeSettings (502)
[2019.08.26-20.36.14:186][198]LogModuleManager: Shutting down and abandoning module AndroidRuntimeSettings (500)
[2019.08.26-20.36.14:186][198]LogModuleManager: Shutting down and abandoning module InputBindingEditor (498)
[2019.08.26-20.36.14:196][198]LogModuleManager: Shutting down and abandoning module MergeActors (496)
[2019.08.26-20.36.14:206][198]LogModuleManager: Shutting down and abandoning module LocalizationDashboard (494)
[2019.08.26-20.36.14:218][198]LogModuleManager: Shutting down and abandoning module LocalizationService (493)
[2019.08.26-20.36.14:223][198]LogModuleManager: Shutting down and abandoning module HardwareTargeting (490)
[2019.08.26-20.36.14:223][198]LogModuleManager: Shutting down and abandoning module DeviceProfileEditor (488)
[2019.08.26-20.36.14:223][198]LogModuleManager: Shutting down and abandoning module UndoHistory (486)
[2019.08.26-20.36.14:230][198]LogModuleManager: Shutting down and abandoning module XmlParser (484)
[2019.08.26-20.36.14:230][198]LogModuleManager: Shutting down and abandoning module Blutility (482)
[2019.08.26-20.36.14:236][198]LogModuleManager: Shutting down and abandoning module ProjectSettingsViewer (480)
[2019.08.26-20.36.14:236][198]LogModuleManager: Shutting down and abandoning module ProjectTargetPlatformEditor (479)
[2019.08.26-20.36.14:237][198]LogModuleManager: Shutting down and abandoning module EditorSettingsViewer (476)
[2019.08.26-20.36.14:237][198]LogModuleManager: Shutting down and abandoning module SettingsEditor (474)
[2019.08.26-20.36.14:261][198]LogModuleManager: Shutting down and abandoning module ProjectLauncher (472)
[2019.08.26-20.36.14:268][198]LogModuleManager: Shutting down and abandoning module SessionFrontend (470)
[2019.08.26-20.36.14:279][198]LogModuleManager: Shutting down and abandoning module ProfilerClient (468)
[2019.08.26-20.36.14:279][198]LogModuleManager: Shutting down and abandoning module DeviceManager (466)
[2019.08.26-20.36.14:285][198]LogModuleManager: Shutting down and abandoning module TargetDeviceServices (465)
[2019.08.26-20.36.14:348][198]LogModuleManager: Shutting down and abandoning module AutomationController (462)
[2019.08.26-20.36.14:355][198]LogModuleManager: Shutting down and abandoning module AutomationWindow (460)
[2019.08.26-20.36.14:365][198]LogModuleManager: Shutting down and abandoning module Layers (458)
[2019.08.26-20.36.14:379][198]LogModuleManager: Shutting down and abandoning module ComponentVisualizers (456)
[2019.08.26-20.36.14:379][198]LogModuleManager: Shutting down and abandoning module DetailCustomizations (454)
[2019.08.26-20.36.14:392][198]LogModuleManager: Shutting down and abandoning module PackagesDialog (452)
[2019.08.26-20.36.14:392][198]LogModuleManager: Shutting down and abandoning module Persona (450)
[2019.08.26-20.36.14:422][198]LogModuleManager: Shutting down and abandoning module AdvancedPreviewScene (449)
[2019.08.26-20.36.14:422][198]LogModuleManager: Shutting down and abandoning module AnimGraph (447)
[2019.08.26-20.36.14:428][198]LogModuleManager: Shutting down and abandoning module Kismet (444)
[2019.08.26-20.36.14:440][198]LogModuleManager: Shutting down and abandoning module GraphEditor (442)
[2019.08.26-20.36.14:440][198]LogModuleManager: Shutting down and abandoning module ClassViewer (440)
[2019.08.26-20.36.14:441][198]LogModuleManager: Shutting down and abandoning module Toolbox (438)
[2019.08.26-20.36.14:441][198]LogModuleManager: Shutting down and abandoning module ModuleUI (436)
[2019.08.26-20.36.14:447][198]LogModuleManager: Shutting down and abandoning module MovieSceneTools (434)
[2019.08.26-20.36.14:455][198]LogModuleManager: Shutting down and abandoning module OutputLog (432)
[2019.08.26-20.36.14:455][198]LogModuleManager: Shutting down and abandoning module GammaUI (430)
[2019.08.26-20.36.14:463][198]LogModuleManager: Shutting down and abandoning module Documentation (428)
[2019.08.26-20.36.14:463][198]LogModuleManager: Shutting down and abandoning module MovieSceneTracks (426)
[2019.08.26-20.36.14:463][198]LogModuleManager: Shutting down and abandoning module MovieScene (424)
[2019.08.26-20.36.14:471][198]LogModuleManager: Shutting down and abandoning module StreamingPauseRendering (422)
[2019.08.26-20.36.14:479][198]LogModuleManager: Shutting down and abandoning module LauncherPlatform (420)
[2019.08.26-20.36.14:479][198]LogModuleManager: Shutting down and abandoning module AnalyticsET (418)
[2019.08.26-20.36.14:479][198]LogModuleManager: Shutting down and abandoning module PortalServices (416)
[2019.08.26-20.36.14:479][198]LogModuleManager: Shutting down and abandoning module PortalRpc (414)
[2019.08.26-20.36.14:479][198]LogModuleManager: Shutting down and abandoning module MessagingRpc (412)
[2019.08.26-20.36.14:479][198]LogModuleManager: Shutting down and abandoning module AIModule (410)
[2019.08.26-20.36.14:492][198]LogModuleManager: Shutting down and abandoning module GameplayDebugger (409)
[2019.08.26-20.36.14:493][198]LogModuleManager: Shutting down and abandoning module AITestSuite (407)
[2019.08.26-20.36.14:498][198]LogModuleManager: Shutting down and abandoning module NavigationSystem (405)
[2019.08.26-20.36.14:498][198]LogModuleManager: Shutting down and abandoning module DesktopPlatform (402)
[2019.08.26-20.36.14:498][198]LogModuleManager: Shutting down and abandoning module ProfilerService (400)
[2019.08.26-20.36.14:567][198]LogModuleManager: Shutting down and abandoning module TaskGraph (398)
[2019.08.26-20.36.14:567][198]LogModuleManager: Shutting down and abandoning module SteamVRController (396)
[2019.08.26-20.36.14:567][198]LogModuleManager: Shutting down and abandoning module ProceduralMeshComponentEditor (394)
[2019.08.26-20.36.14:567][198]LogModuleManager: Shutting down and abandoning module ProceduralMeshComponent (392)
[2019.08.26-20.36.14:573][198]LogModuleManager: Shutting down and abandoning module OculusInput (390)
[2019.08.26-20.36.14:573][198]LogModuleManager: Shutting down and abandoning module MobilePatchingUtils (388)
[2019.08.26-20.36.14:573][198]LogModuleManager: Shutting down and abandoning module EditableMesh (386)
[2019.08.26-20.36.14:575][198]LogModuleManager: Shutting down and abandoning module CustomMeshComponent (384)
[2019.08.26-20.36.14:576][198]LogModuleManager: Shutting down and abandoning module CableComponent (382)
[2019.08.26-20.36.14:576][198]LogModuleManager: Shutting down and abandoning module AudioCapture (380)
[2019.08.26-20.36.14:576][198]LogModuleManager: Shutting down and abandoning module ArchVisCharacter (378)
[2019.08.26-20.36.14:576][198]LogModuleManager: Shutting down and abandoning module AndroidPermission (376)
[2019.08.26-20.36.14:576][198]LogModuleManager: Shutting down and abandoning module NUTUnrealEngine4 (374)
[2019.08.26-20.36.14:576][198]LogModuleManager: Shutting down and abandoning module NetcodeUnitTest (372)
[2019.08.26-20.36.14:591][198]LogModuleManager: Shutting down and abandoning module MediaCompositingEditor (370)
[2019.08.26-20.36.14:591][198]LogModuleManager: Shutting down and abandoning module MediaCompositing (368)
[2019.08.26-20.36.14:591][198]LogModuleManager: Shutting down and abandoning module LinearTimecode (366)
[2019.08.26-20.36.14:591][198]LogModuleManager: Shutting down and abandoning module ImgMedia (364)
[2019.08.26-20.36.14:601][198]LogModuleManager: Shutting down and abandoning module HTML5Networking (362)
[2019.08.26-20.36.14:601][198]LogModuleManager: Shutting down and abandoning module GeometryCacheTracks (360)
[2019.08.26-20.36.14:601][198]LogModuleManager: Shutting down and abandoning module GeometryCacheSequencer (358)
[2019.08.26-20.36.14:601][198]LogModuleManager: Shutting down and abandoning module BackChannel (356)
[2019.08.26-20.36.14:611][198]LogModuleManager: Shutting down and abandoning module AppleVision (354)
[2019.08.26-20.36.14:611][198]LogModuleManager: Shutting down and abandoning module AppleImageUtils (352)
[2019.08.26-20.36.14:611][198]LogModuleManager: Shutting down and abandoning module AlembicImporter (350)
[2019.08.26-20.36.14:611][198]LogModuleManager: Shutting down and abandoning module AlembicLibrary (349)
[2019.08.26-20.36.14:611][198]LogModuleManager: Shutting down and abandoning module GeometryCache (348)
[2019.08.26-20.36.14:611][198]LogModuleManager: Shutting down and abandoning module GeometryCacheEd (347)
[2019.08.26-20.36.14:611][198]LogModuleManager: Shutting down and abandoning module DatasmithContentEditor (342)
[2019.08.26-20.36.14:620][198]LogModuleManager: Shutting down and abandoning module DatasmithContent (340)
[2019.08.26-20.36.14:621][198]LogModuleManager: Shutting down and abandoning module SpeedTreeImporter (338)
[2019.08.26-20.36.14:621][198]LogModuleManager: Shutting down and abandoning module PluginBrowser (336)
[2019.08.26-20.36.14:621][198]LogModuleManager: Shutting down and abandoning module MobileLauncherProfileWizard (334)
[2019.08.26-20.36.14:629][198]LogModuleManager: Shutting down and abandoning module PolygonModeling (332)
[2019.08.26-20.36.14:629][198]LogModuleManager: Shutting down and abandoning module MeshEditor (330)
[2019.08.26-20.36.14:639][198]LogModuleManager: Shutting down and abandoning module CryptoKeysOpenSSL (328)
[2019.08.26-20.36.14:646][198]LogModuleManager: Shutting down and abandoning module CryptoKeys (326)
[2019.08.26-20.36.14:646][198]LogModuleManager: Shutting down and abandoning module VisualStudioSourceCodeAccess (324)
[2019.08.26-20.36.14:646][198]LogModuleManager: Shutting down and abandoning module VisualStudioCodeSourceCodeAccess (322)
[2019.08.26-20.36.14:646][198]LogModuleManager: Shutting down and abandoning module UObjectPlugin (320)
[2019.08.26-20.36.14:646][198]LogModuleManager: Shutting down and abandoning module SubversionSourceControl (318)
[2019.08.26-20.36.14:651][198]LogModuleManager: Shutting down and abandoning module PerforceSourceControl (316)
[2019.08.26-20.36.14:661][198]LogModuleManager: Shutting down and abandoning module GitSourceControl (314)
[2019.08.26-20.36.14:672][198]LogModuleManager: Shutting down and abandoning module SourceControl (313)
[2019.08.26-20.36.14:682][198]LogModuleManager: Shutting down and abandoning module CLionSourceCodeAccess (310)
[2019.08.26-20.36.14:682][198]LogModuleManager: Shutting down and abandoning module LightPropagationVolumeEditor (308)
[2019.08.26-20.36.14:682][198]LogModuleManager: Shutting down and abandoning module PaperTiledImporter (306)
[2019.08.26-20.36.14:682][198]LogModuleManager: Shutting down and abandoning module PaperSpriteSheetImporter (304)
[2019.08.26-20.36.14:682][198]LogModuleManager: Shutting down and abandoning module Paper2DEditor (302)
[2019.08.26-20.36.14:689][198]LogModuleManager: Shutting down and abandoning module MeshPaint (301)
[2019.08.26-20.36.14:697][198]LogModuleManager: Shutting down and abandoning module RuntimePhysXCooking (298)
[2019.08.26-20.36.14:697][198]LogModuleManager: Shutting down and abandoning module PhysXVehiclesEditor (296)
[2019.08.26-20.36.14:698][198]LogModuleManager: Shutting down and abandoning module PhysXVehicles (294)
[2019.08.26-20.36.14:698][198]LogModuleManager: Shutting down and abandoning module OculusEditor (292)
[2019.08.26-20.36.14:705][198]LogModuleManager: Shutting down and abandoning module LocationServicesBPLibrary (290)
[2019.08.26-20.36.14:705][198]LogModuleManager: Shutting down and abandoning module ImmediatePhysicsEditor (288)
[2019.08.26-20.36.14:705][198]LogModuleManager: Shutting down and abandoning module ImmediatePhysics (286)
[2019.08.26-20.36.14:729][198]LogModuleManager: Shutting down and abandoning module ActorSequence (284)
[2019.08.26-20.36.14:729][198]LogModuleManager: Shutting down and abandoning module UdpMessaging (282)
[2019.08.26-20.36.14:831][198]LogModuleManager: Shutting down and abandoning module TcpMessaging (280)
[2019.08.26-20.36.14:936][198]LogModuleManager: Shutting down and abandoning module MagicLeapAudio (278)
[2019.08.26-20.36.14:936][198]LogModuleManager: Shutting down and abandoning module GameplayTagsEditor (276)
[2019.08.26-20.36.14:949][198]LogModuleManager: Shutting down and abandoning module FacialAnimationEditor (274)
[2019.08.26-20.36.14:949][198]LogModuleManager: Shutting down and abandoning module FacialAnimation (272)
[2019.08.26-20.36.14:949][198]LogModuleManager: Shutting down and abandoning module DataValidation (270)
[2019.08.26-20.36.14:949][198]LogModuleManager: Shutting down and abandoning module AssetManagerEditor (268)
[2019.08.26-20.36.14:961][198]LogModuleManager: Shutting down and abandoning module LevelEditor (267)
[2019.08.26-20.36.14:972][198]LogModuleManager: Shutting down and abandoning module PixelInspectorModule (266)
[2019.08.26-20.36.14:980][198]LogModuleManager: Shutting down and abandoning module CommonMenuExtensions (264)
[2019.08.26-20.36.14:980][198]LogModuleManager: Shutting down and abandoning module MainFrame (262)
[2019.08.26-20.36.14:986][198]LogModuleManager: Shutting down and abandoning module HotReload (261)
[2019.08.26-20.36.15:009][198]LogModuleManager: Shutting down and abandoning module ContentBrowser (257)
[2019.08.26-20.36.15:011][198]LogModuleManager: Shutting down and abandoning module TreeMap (255)
[2019.08.26-20.36.15:020][198]LogModuleManager: Shutting down and abandoning module LightPropagationVolumeRuntime (252)
[2019.08.26-20.36.15:020][198]LogModuleManager: Shutting down and abandoning module AISupportModule (250)
[2019.08.26-20.36.15:020][198]LogModuleManager: Shutting down and abandoning module Paper2D (248)
[2019.08.26-20.36.15:025][198]LogModuleManager: Shutting down and abandoning module WindowsMoviePlayer (246)
[2019.08.26-20.36.15:035][198]LogModuleManager: Shutting down and abandoning module WmfMedia (244)
[2019.08.26-20.36.15:041][198]LogModuleManager: Shutting down and abandoning module Media (243)
[2019.08.26-20.36.15:047][198]LogModuleManager: Shutting down and abandoning module PacketHandler (240)
[2019.08.26-20.36.15:047][198]LogModuleManager: Shutting down and abandoning module ClothingSystemEditor (238)
[2019.08.26-20.36.15:047][198]LogModuleManager: Shutting down and abandoning module ClothingSystemRuntime (236)
[2019.08.26-20.36.15:053][198]LogModuleManager: Shutting down and abandoning module MediaAssets (234)
[2019.08.26-20.36.15:053][198]LogModuleManager: Shutting down and abandoning module Overlay (232)
[2019.08.26-20.36.15:053][198]LogModuleManager: Shutting down and abandoning module OverlayEditor (231)
[2019.08.26-20.36.15:053][198]LogModuleManager: Shutting down and abandoning module VREditor (228)
[2019.08.26-20.36.15:062][198]LogModuleManager: Shutting down and abandoning module StringTableEditor (226)
[2019.08.26-20.36.15:062][198]LogModuleManager: Shutting down and abandoning module GameplayTasksEditor (224)
[2019.08.26-20.36.15:062][198]LogModuleManager: Shutting down and abandoning module BehaviorTreeEditor (222)
[2019.08.26-20.36.15:080][198]LogModuleManager: Shutting down and abandoning module FunctionalTesting (220)
[2019.08.26-20.36.15:087][198]LogModuleManager: Shutting down and abandoning module CollisionAnalyzer (218)
[2019.08.26-20.36.15:092][198]LogModuleManager: Shutting down and abandoning module WorkspaceMenuStructure (217)
[2019.08.26-20.36.15:092][198]LogModuleManager: Shutting down and abandoning module UMG (214)
[2019.08.26-20.36.15:102][198]LogModuleManager: Shutting down and abandoning module UMGEditor (213)
[2019.08.26-20.36.15:131][198]LogModuleManager: Shutting down and abandoning module Sequencer (212)
[2019.08.26-20.36.15:168][198]LogModuleManager: Shutting down and abandoning module MessageLog (209)
[2019.08.26-20.36.15:168][198]LogModuleManager: Shutting down and abandoning module SlateReflector (204)
[2019.08.26-20.36.15:195][198]LogModuleManager: Shutting down and abandoning module Slate (202)
[2019.08.26-20.36.15:195][198]LogModuleManager: Shutting down and abandoning module EditorStyle (200)
[2019.08.26-20.36.15:197][198]LogModuleManager: Shutting down and abandoning module MRMesh (198)
[2019.08.26-20.36.15:203][198]LogModuleManager: Shutting down and abandoning module SourceCodeAccess (196)
[2019.08.26-20.36.15:203][198]LogModuleManager: Shutting down and abandoning module HeadMountedDisplay (194)
[2019.08.26-20.36.15:203][198]LogModuleManager: Shutting down and abandoning module XAudio2 (192)
[2019.08.26-20.36.15:203][198]LogModuleManager: Shutting down and abandoning module Networking (190)
[2019.08.26-20.36.15:203][198]LogModuleManager: Shutting down and abandoning module Core (188)
[2019.08.26-20.36.15:203][198]LogModuleManager: Shutting down and abandoning module LevelSequence (186)
[2019.08.26-20.36.15:203][198]LogModuleManager: Shutting down and abandoning module KismetCompiler (184)
[2019.08.26-20.36.15:203][198]LogModuleManager: Shutting down and abandoning module MeshUtilities (182)
[2019.08.26-20.36.15:209][198]LogModuleManager: Shutting down and abandoning module MeshMergeUtilities (181)
[2019.08.26-20.36.15:217][198]LogModuleManager: Shutting down and abandoning module MeshReductionInterface (180)
[2019.08.26-20.36.15:217][198]LogModuleManager: Shutting down and abandoning module SimplygonSwarm (179)
[2019.08.26-20.36.15:221][198]LogModuleManager: Shutting down and abandoning module ProxyLODMeshReduction (177)
[2019.08.26-20.36.15:227][198]LogModuleManager: Shutting down and abandoning module SimplygonMeshReduction (175)
[2019.08.26-20.36.15:228][198]LogModuleManager: Shutting down and abandoning module QuadricMeshReduction (173)
[2019.08.26-20.36.15:238][198]LogModuleManager: Shutting down and abandoning module MaterialBaking (169)
[2019.08.26-20.36.15:244][198]LogModuleManager: Shutting down and abandoning module DirectoryWatcher (165)
[2019.08.26-20.36.15:246][198]LogModuleManager: Shutting down and abandoning module DerivedDataCache (162)
[2019.08.26-20.36.15:332][198]LogDerivedDataCache: Shutdown
[2019.08.26-20.36.15:332][198]LogModuleManager: Shutting down and abandoning module XGEController (160)
[2019.08.26-20.36.15:337][198]LogModuleManager: Shutting down and abandoning module TargetPlatform (158)
[2019.08.26-20.36.15:338][198]LogModuleManager: Shutting down and abandoning module VulkanShaderFormat (157)
[2019.08.26-20.36.15:341][198]LogModuleManager: Shutting down and abandoning module ShaderFormatVectorVM (155)
[2019.08.26-20.36.15:345][198]LogModuleManager: Shutting down and abandoning module ShaderFormatOpenGL (153)
[2019.08.26-20.36.15:351][198]LogModuleManager: Shutting down and abandoning module ShaderFormatD3D (151)
[2019.08.26-20.36.15:352][198]LogModuleManager: Shutting down and abandoning module MetalShaderFormat (149)
[2019.08.26-20.36.15:360][198]LogModuleManager: Shutting down and abandoning module TextureFormatUncompressed (147)
[2019.08.26-20.36.15:360][198]LogModuleManager: Shutting down and abandoning module TextureFormatPVR (145)
[2019.08.26-20.36.15:360][198]LogModuleManager: Shutting down and abandoning module TextureFormatDXT (143)
[2019.08.26-20.36.15:364][198]LogModuleManager: Shutting down and abandoning module TextureFormatIntelISPCTexComp (141)
[2019.08.26-20.36.15:365][198]LogModuleManager: Shutting down and abandoning module TextureFormatASTC (139)
[2019.08.26-20.36.15:365][198]LogModuleManager: Shutting down and abandoning module ImageWrapper (138)
[2019.08.26-20.36.15:365][198]LogModuleManager: Shutting down and abandoning module TextureFormatAndroid (135)
[2019.08.26-20.36.15:365][198]LogModuleManager: Shutting down and abandoning module AudioFormatOpus (133)
[2019.08.26-20.36.15:365][198]LogModuleManager: Shutting down and abandoning module AudioFormatOgg (131)
[2019.08.26-20.36.15:366][198]LogModuleManager: Shutting down and abandoning module AudioFormatADPCM (129)
[2019.08.26-20.36.15:366][198]LogModuleManager: Shutting down and abandoning module LuminTargetPlatform (127)
[2019.08.26-20.36.15:366][198]LogModuleManager: Shutting down and abandoning module LinuxTargetPlatform (125)
[2019.08.26-20.36.15:366][198]LogModuleManager: Shutting down and abandoning module LinuxServerTargetPlatform (123)
[2019.08.26-20.36.15:366][198]LogModuleManager: Shutting down and abandoning module LinuxNoEditorTargetPlatform (121)
[2019.08.26-20.36.15:369][198]LogModuleManager: Shutting down and abandoning module LinuxClientTargetPlatform (119)
[2019.08.26-20.36.15:370][198]LogModuleManager: Shutting down and abandoning module TVOSTargetPlatform (117)
[2019.08.26-20.36.15:380][198]LogModuleManager: Shutting down and abandoning module Messaging (115)
[2019.08.26-20.36.15:380][198]LogModuleManager: Shutting down and abandoning module IOSTargetPlatform (113)
[2019.08.26-20.36.15:387][198]LogModuleManager: Shutting down and abandoning module HTML5TargetPlatform (111)
[2019.08.26-20.36.15:387][198]LogModuleManager: Shutting down and abandoning module AndroidTargetPlatform (109)
[2019.08.26-20.36.15:427][198]LogModuleManager: Shutting down and abandoning module WindowsTargetPlatform (107)
[2019.08.26-20.36.15:427][198]LogModuleManager: Shutting down and abandoning module WindowsServerTargetPlatform (105)
[2019.08.26-20.36.15:427][198]LogModuleManager: Shutting down and abandoning module WindowsNoEditorTargetPlatform (103)
[2019.08.26-20.36.15:427][198]LogModuleManager: Shutting down and abandoning module WindowsClientTargetPlatform (101)
[2019.08.26-20.36.15:427][198]LogModuleManager: Shutting down and abandoning module MacTargetPlatform (99)
[2019.08.26-20.36.15:427][198]LogModuleManager: Shutting down and abandoning module MacServerTargetPlatform (97)
[2019.08.26-20.36.15:427][198]LogModuleManager: Shutting down and abandoning module MacNoEditorTargetPlatform (95)
[2019.08.26-20.36.15:427][198]LogModuleManager: Shutting down and abandoning module MacClientTargetPlatform (93)
[2019.08.26-20.36.15:427][198]LogModuleManager: Shutting down and abandoning module AllDesktopTargetPlatform (91)
[2019.08.26-20.36.15:427][198]LogModuleManager: Shutting down and abandoning module InputCore (88)
[2019.08.26-20.36.15:428][198]LogModuleManager: Shutting down and abandoning module Settings (86)
[2019.08.26-20.36.15:428][198]LogModuleManager: Shutting down and abandoning module PhysXCooking (84)
[2019.08.26-20.36.15:428][198]LogModuleManager: Shutting down and abandoning module SteamVR (82)
[2019.08.26-20.36.15:428][198]LogModuleManager: Shutting down and abandoning module OculusHMD (80)
[2019.08.26-20.36.15:428][198]LogModuleManager: Shutting down and abandoning module ExampleDeviceProfileSelector (78)
[2019.08.26-20.36.15:428][198]LogModuleManager: Shutting down and abandoning module LauncherChunkInstaller (76)
[2019.08.26-20.36.15:428][198]LogModuleManager: Shutting down and abandoning module OnlineBlueprintSupport (74)
[2019.08.26-20.36.15:428][198]LogModuleManager: Shutting down and abandoning module OnlineSubsystem (70)
[2019.08.26-20.36.15:444][198]LogModuleManager: Shutting down and abandoning module XMPP (65)
[2019.08.26-20.36.15:459][198]LogModuleManager: Shutting down and abandoning module WebSockets (64)
[2019.08.26-20.36.15:497][198]LogModuleManager: Shutting down and abandoning module HTTP (61)
[2019.08.26-20.36.15:497][198]LogHttp: Display: Http module shutting down, but needs to wait on 1 outstanding Http requests:
[2019.08.26-20.36.15:497][198]LogHttp: Display: 	verb=[POST] url=[https://datarouter.ol.epicgames.com/datarouter/api/v1/public/data?SessionID=%7B1DD9FF25-41FB-8B29-42DE-F5A98093DD03%7D&AppID=UEEditor.Rocket.Release&AppVersion=4.20.3-4369336%2B%2B%2BUE4%2BRelease-4.20&UserID=0afd7ea84f9512cb67516786b77c710f%7C80c46f1e39984dd5ada742188b4c10e0%7C5ae97953-94d2-4117-85ff-8f7e1bf6d9f2&AppEnvironment=datacollector-binary&UploadType=eteventstream] status=Processing
[2019.08.26-20.36.15:529][198]LogModuleManager: Shutting down and abandoning module SSL (60)
[2019.08.26-20.36.15:536][198]LogModuleManager: Shutting down and abandoning module MagicLeapEmulator (56)
[2019.08.26-20.36.15:536][198]LogModuleManager: Shutting down and abandoning module MagicLeapPrivileges (54)
[2019.08.26-20.36.15:536][198]LogModuleManager: Shutting down and abandoning module MagicLeapIdentity (52)
[2019.08.26-20.36.15:536][198]LogModuleManager: Shutting down and abandoning module MagicLeapHelperVulkan (50)
[2019.08.26-20.36.15:536][198]LogModuleManager: Shutting down and abandoning module MagicLeapHelperOpenGL (48)
[2019.08.26-20.36.15:536][198]LogModuleManager: Shutting down and abandoning module MagicLeapSecureStorage (46)
[2019.08.26-20.36.15:536][198]LogModuleManager: Shutting down and abandoning module MagicLeapGestures (44)
[2019.08.26-20.36.15:536][198]LogModuleManager: Shutting down and abandoning module MagicLeapEyeTracker (42)
[2019.08.26-20.36.15:537][198]LogModuleManager: Shutting down and abandoning module MagicLeapController (40)
[2019.08.26-20.36.15:537][198]LogSlate: Slate User Destroyed.  User Index 0, Is Virtual User: 0
[2019.08.26-20.36.15:537][198]LogModuleManager: Shutting down and abandoning module MagicLeap (38)
[2019.08.26-20.36.15:559][198]LogModuleManager: Shutting down and abandoning module AnimationModifiers (36)
[2019.08.26-20.36.15:583][198]LogModuleManager: Shutting down and abandoning module PropertyEditor (35)
[2019.08.26-20.36.15:583][198]LogModuleManager: Shutting down and abandoning module AudioEditor (32)
[2019.08.26-20.36.15:593][198]LogModuleManager: Shutting down and abandoning module TextureCompressor (30)
[2019.08.26-20.36.15:598][198]LogModuleManager: Shutting down and abandoning module ShaderCore (28)
[2019.08.26-20.36.15:598][198]LogModuleManager: Shutting down and abandoning module Landscape (26)
[2019.08.26-20.36.15:598][198]LogModuleManager: Shutting down and abandoning module SlateRHIRenderer (24)
[2019.08.26-20.36.15:608][198]LogModuleManager: Shutting down and abandoning module OpenGLDrv (22)
[2019.08.26-20.36.15:616][198]LogModuleManager: Shutting down and abandoning module D3D11RHI (20)
[2019.08.26-20.36.15:617][198]LogModuleManager: Shutting down and abandoning module AnimGraphRuntime (18)
[2019.08.26-20.36.15:621][198]LogModuleManager: Shutting down and abandoning module Renderer (16)
[2019.08.26-20.36.15:621][198]LogModuleManager: Shutting down and abandoning module Engine (14)
[2019.08.26-20.36.15:621][198]LogModuleManager: Shutting down and abandoning module CoreUObject (12)
[2019.08.26-20.36.15:621][198]LogModuleManager: Shutting down and abandoning module NetworkFile (10)
[2019.08.26-20.36.15:624][198]LogModuleManager: Shutting down and abandoning module CookedIterativeFile (8)
[2019.08.26-20.36.15:624][198]LogModuleManager: Shutting down and abandoning module StreamingFile (6)
[2019.08.26-20.36.15:628][198]LogModuleManager: Shutting down and abandoning module SandboxFile (4)
[2019.08.26-20.36.15:628][198]LogModuleManager: Shutting down and abandoning module PakFile (2)
[2019.08.26-20.36.15:645][198]LogExit: Exiting.
[2019.08.26-20.36.15:676][198]Log file closed, 08/26/19 16:36:15
